Using pre-set license
Built from '2021.1/staging' branch; Version is '2021.1.7f1 (d91830b65d9b) revision 14227504'; Using compiler version '192528614'; Build Type 'Release'
OS: 'Windows 10 Pro; OS build 19042.985; Version 2009; 64bit' Language: 'en' Physical Memory: 16243 MB
BatchMode: 1, IsHumanControllingUs: 0, StartBugReporterOnCrash: 0, Is64bit: 1, IsPro: 0

 COMMAND LINE ARGUMENTS:
D:\Program Files\Unity\2021.1.7f1\Editor\Unity.exe
-adb2
-batchMode
-noUpm
-name
AssetImportWorker0
-projectPath
D:/GameDev/Project_2/PongPongLegend
-logFile
Logs/AssetImportWorker0.log
-srvPort
60992
Successfully changed project path to: D:/GameDev/Project_2/PongPongLegend
D:/GameDev/Project_2/PongPongLegend
Using Asset Import Pipeline V2.
Refreshing native plugins compatible for Editor in 99.12 ms, found 2 plugins.
Preloading 0 native plugins for Editor in 0.00 ms.
Initialize engine version: 2021.1.7f1 (d91830b65d9b)
[Subsystems] Discovering subsystems at path D:/Program Files/Unity/2021.1.7f1/Editor/Data/Resources/UnitySubsystems
[Subsystems] Discovering subsystems at path D:/GameDev/Project_2/PongPongLegend/Assets
GfxDevice: creating device client; threaded=0; jobified=0
Direct3D:
    Version:  Direct3D 11.0 [level 11.1]
    Renderer: NVIDIA GeForce GTX 1050 (ID=0x1c8d)
    Vendor:   NVIDIA
    VRAM:     4019 MB
    Driver:   27.21.14.6097
Initialize mono
Mono path[0] = 'D:/Program Files/Unity/2021.1.7f1/Editor/Data/Managed'
Mono path[1] = 'D:/Program Files/Unity/2021.1.7f1/Editor/Data/MonoBleedingEdge/lib/mono/unityjit'
Mono config path = 'D:/Program Files/Unity/2021.1.7f1/Editor/Data/MonoBleedingEdge/etc'
Using monoOptions --debugger-agent=transport=dt_socket,embedding=1,server=y,suspend=n,address=127.0.0.1:56796
Begin MonoManager ReloadAssembly
Registering precompiled unity dll's ...
Register platform support module: D:/Program Files/Unity/2021.1.7f1/Editor/Data/PlaybackEngines/WindowsStandaloneSupport/UnityEditor.WindowsStandalone.Extensions.dll
Registered in 0.001061 seconds.
Native extension for WindowsStandalone target not found
Refreshing native plugins compatible for Editor in 96.45 ms, found 2 plugins.
Preloading 0 native plugins for Editor in 0.00 ms.
Mono: successfully reloaded assembly
- Completed reload, in  1.121 seconds
Platform modules already initialized, skipping
Registering precompiled user dll's ...
Registered in 0.002076 seconds.
Begin MonoManager ReloadAssembly
Symbol file LoadedFromMemory doesn't match image D:\GameDev\Project_2\PongPongLegend\Library\PackageCache\com.unity.visualscripting@1.6.1\Editor\VisualScripting.Core\Dependencies\YamlDotNet\Unity.VisualScripting.YamlDotNet.dll
Symbol file LoadedFromMemory doesn't match image D:\GameDev\Project_2\PongPongLegend\Library\PackageCache\com.unity.visualscripting@1.6.1\Editor\VisualScripting.Core\Dependencies\DotNetZip\Unity.VisualScripting.IonicZip.dll
Native extension for WindowsStandalone target not found
Refreshing native plugins compatible for Editor in 94.93 ms, found 2 plugins.
Preloading 0 native plugins for Editor in 0.00 ms.
Mono: successfully reloaded assembly
- Completed reload, in  1.054 seconds
Platform modules already initialized, skipping
========================================================================
Worker process is ready to serve import requests
Launched and connected shader compiler UnityShaderCompiler.exe after 0.04 seconds
Refreshing native plugins compatible for Editor in 0.65 ms, found 2 plugins.
Preloading 0 native plugins for Editor in 0.00 ms.
Unloading 3396 Unused Serialized files (Serialized files now loaded: 0)
System memory in use before: 216.4 MB.
System memory in use after: 216.5 MB.

Unloading 28 unused Assets to reduce memory usage. Loaded Objects now: 3870.
Total: 2.467300 ms (FindLiveObjects: 0.255500 ms CreateObjectMapping: 0.136300 ms MarkObjects: 1.955700 ms  DeleteObjects: 0.119100 ms)

========================================================================
Received Import Request.
  path: Assets/Scenes/PlayGame.unity
  artifactKey: Guid(2cda990e2423bbf4892e6590ba056729) Importer(815301076,1909f56bfc062723c751e8b465ee728b)
Start importing Assets/Scenes/PlayGame.unity using Guid(2cda990e2423bbf4892e6590ba056729) Importer(815301076,1909f56bfc062723c751e8b465ee728b)  -> (artifact id: '1d480ec10f3fa4e1640cd3c9eb120eac') in 0.015647 seconds 
========================================================================
Received Import Request.
  Time since last request: 41.751442 seconds.
  path: Assets/Scripts/GameManager.cs
  artifactKey: Guid(0dc0665f730a67a429550880681342b7) Importer(815301076,1909f56bfc062723c751e8b465ee728b)
Start importing Assets/Scripts/GameManager.cs using Guid(0dc0665f730a67a429550880681342b7) Importer(815301076,1909f56bfc062723c751e8b465ee728b)  -> (artifact id: 'e4cb43b5e48157e895f136414defa530') in 0.052229 seconds 
========================================================================
Received Import Request.
  Time since last request: 5.923495 seconds.
  path: Assets/Scripts/GunController.cs
  artifactKey: Guid(20f8bc48079fa7c499a5f8b4f7810703) Importer(815301076,1909f56bfc062723c751e8b465ee728b)
Start importing Assets/Scripts/GunController.cs using Guid(20f8bc48079fa7c499a5f8b4f7810703) Importer(815301076,1909f56bfc062723c751e8b465ee728b)  -> (artifact id: 'a438cb0e9a3743c5c7de3cd52a25f023') in 0.024449 seconds 
========================================================================
Received Prepare
Registering precompiled user dll's ...
Registered in 0.002076 seconds.
Begin MonoManager ReloadAssembly
Symbol file LoadedFromMemory doesn't match image D:\GameDev\Project_2\PongPongLegend\Library\PackageCache\com.unity.visualscripting@1.6.1\Editor\VisualScripting.Core\Dependencies\YamlDotNet\Unity.VisualScripting.YamlDotNet.dll
Symbol file LoadedFromMemory doesn't match image D:\GameDev\Project_2\PongPongLegend\Library\PackageCache\com.unity.visualscripting@1.6.1\Editor\VisualScripting.Core\Dependencies\DotNetZip\Unity.VisualScripting.IonicZip.dll
Native extension for WindowsStandalone target not found
Refreshing native plugins compatible for Editor in 0.68 ms, found 2 plugins.
Preloading 0 native plugins for Editor in 0.00 ms.
Mono: successfully reloaded assembly
- Completed reload, in  0.949 seconds
Platform modules already initialized, skipping
Refreshing native plugins compatible for Editor in 0.64 ms, found 2 plugins.
Preloading 0 native plugins for Editor in 0.00 ms.
Unloading 3378 Unused Serialized files (Serialized files now loaded: 0)
System memory in use before: 215.1 MB.
System memory in use after: 215.2 MB.

Unloading 16 unused Assets to reduce memory usage. Loaded Objects now: 3874.
Total: 2.751500 ms (FindLiveObjects: 0.292900 ms CreateObjectMapping: 0.174900 ms MarkObjects: 2.168600 ms  DeleteObjects: 0.113900 ms)

========================================================================
Received Import Request.
  Time since last request: 123.989020 seconds.
  path: Assets/Scripts/GunController.cs
  artifactKey: Guid(20f8bc48079fa7c499a5f8b4f7810703) Importer(815301076,1909f56bfc062723c751e8b465ee728b)
Start importing Assets/Scripts/GunController.cs using Guid(20f8bc48079fa7c499a5f8b4f7810703) Importer(815301076,1909f56bfc062723c751e8b465ee728b)  -> (artifact id: 'ea8a8314fd5ff4f5a7b4800cccde307d') in 0.005453 seconds 
========================================================================
Received Import Request.
  Time since last request: 90.131051 seconds.
  path: ProjectSettings/TagManager.asset
  artifactKey: Guid(00000000000000003000000000000000) Importer(815301076,1909f56bfc062723c751e8b465ee728b)
Start importing ProjectSettings/TagManager.asset using Guid(00000000000000003000000000000000) Importer(815301076,1909f56bfc062723c751e8b465ee728b)  -> (artifact id: 'c65d0f3ba7c0735fba0e1c8144ae09f6') in 0.019592 seconds 
========================================================================
Received Import Request.
  Time since last request: 685.185078 seconds.
  path: Assets/TankConstructor/Images/Projectiles
  artifactKey: Guid(609562eb29ff4dc4780208e39e746649) Importer(815301076,1909f56bfc062723c751e8b465ee728b)
Start importing Assets/TankConstructor/Images/Projectiles using Guid(609562eb29ff4dc4780208e39e746649) Importer(815301076,1909f56bfc062723c751e8b465ee728b)  -> (artifact id: 'e5ef49f8adcd269d1893b26b9b1d504a') in 0.008254 seconds 
========================================================================
Received Import Request.
  Time since last request: 124.139082 seconds.
  path: Assets/Prefabs/MediumShell.prefab
  artifactKey: Guid(c2ae4da615533d34882e2f1792927136) Importer(815301076,1909f56bfc062723c751e8b465ee728b)
Start importing Assets/Prefabs/MediumShell.prefab using Guid(c2ae4da615533d34882e2f1792927136) Importer(815301076,1909f56bfc062723c751e8b465ee728b)  -> (artifact id: '375a29bc8b3545b335036bffcb0698de') in 0.080822 seconds 
========================================================================
Received Prepare
Registering precompiled user dll's ...
Registered in 0.002102 seconds.
Begin MonoManager ReloadAssembly
Symbol file LoadedFromMemory doesn't match image D:\GameDev\Project_2\PongPongLegend\Library\PackageCache\com.unity.visualscripting@1.6.1\Editor\VisualScripting.Core\Dependencies\YamlDotNet\Unity.VisualScripting.YamlDotNet.dll
Symbol file LoadedFromMemory doesn't match image D:\GameDev\Project_2\PongPongLegend\Library\PackageCache\com.unity.visualscripting@1.6.1\Editor\VisualScripting.Core\Dependencies\DotNetZip\Unity.VisualScripting.IonicZip.dll
Native extension for WindowsStandalone target not found
Refreshing native plugins compatible for Editor in 0.70 ms, found 2 plugins.
Preloading 0 native plugins for Editor in 0.00 ms.
Mono: successfully reloaded assembly
- Completed reload, in  0.883 seconds
Platform modules already initialized, skipping
Refreshing native plugins compatible for Editor in 0.67 ms, found 2 plugins.
Preloading 0 native plugins for Editor in 0.00 ms.
Unloading 3378 Unused Serialized files (Serialized files now loaded: 0)
System memory in use before: 218.8 MB.
System memory in use after: 218.9 MB.

Unloading 17 unused Assets to reduce memory usage. Loaded Objects now: 3885.
Total: 2.602600 ms (FindLiveObjects: 0.255500 ms CreateObjectMapping: 0.192400 ms MarkObjects: 2.049000 ms  DeleteObjects: 0.104700 ms)

========================================================================
Received Prepare
Registering precompiled user dll's ...
Registered in 0.002072 seconds.
Begin MonoManager ReloadAssembly
Symbol file LoadedFromMemory doesn't match image D:\GameDev\Project_2\PongPongLegend\Library\PackageCache\com.unity.visualscripting@1.6.1\Editor\VisualScripting.Core\Dependencies\YamlDotNet\Unity.VisualScripting.YamlDotNet.dll
Symbol file LoadedFromMemory doesn't match image D:\GameDev\Project_2\PongPongLegend\Library\PackageCache\com.unity.visualscripting@1.6.1\Editor\VisualScripting.Core\Dependencies\DotNetZip\Unity.VisualScripting.IonicZip.dll
Native extension for WindowsStandalone target not found
Refreshing native plugins compatible for Editor in 0.67 ms, found 2 plugins.
Preloading 0 native plugins for Editor in 0.00 ms.
Mono: successfully reloaded assembly
- Completed reload, in  0.902 seconds
Platform modules already initialized, skipping
Refreshing native plugins compatible for Editor in 0.65 ms, found 2 plugins.
Preloading 0 native plugins for Editor in 0.00 ms.
Unloading 3378 Unused Serialized files (Serialized files now loaded: 0)
System memory in use before: 218.8 MB.
System memory in use after: 218.9 MB.

Unloading 16 unused Assets to reduce memory usage. Loaded Objects now: 3889.
Total: 3.035300 ms (FindLiveObjects: 0.288000 ms CreateObjectMapping: 0.163600 ms MarkObjects: 2.480200 ms  DeleteObjects: 0.102200 ms)

========================================================================
Received Prepare
Registering precompiled user dll's ...
Registered in 0.002098 seconds.
Begin MonoManager ReloadAssembly
Symbol file LoadedFromMemory doesn't match image D:\GameDev\Project_2\PongPongLegend\Library\PackageCache\com.unity.visualscripting@1.6.1\Editor\VisualScripting.Core\Dependencies\YamlDotNet\Unity.VisualScripting.YamlDotNet.dll
Symbol file LoadedFromMemory doesn't match image D:\GameDev\Project_2\PongPongLegend\Library\PackageCache\com.unity.visualscripting@1.6.1\Editor\VisualScripting.Core\Dependencies\DotNetZip\Unity.VisualScripting.IonicZip.dll
Native extension for WindowsStandalone target not found
Refreshing native plugins compatible for Editor in 1.00 ms, found 2 plugins.
Preloading 0 native plugins for Editor in 0.00 ms.
Mono: successfully reloaded assembly
- Completed reload, in  0.940 seconds
Platform modules already initialized, skipping
Refreshing native plugins compatible for Editor in 0.68 ms, found 2 plugins.
Preloading 0 native plugins for Editor in 0.00 ms.
Unloading 3378 Unused Serialized files (Serialized files now loaded: 0)
System memory in use before: 218.9 MB.
System memory in use after: 219.0 MB.

Unloading 16 unused Assets to reduce memory usage. Loaded Objects now: 3893.
Total: 2.715000 ms (FindLiveObjects: 0.250400 ms CreateObjectMapping: 0.173200 ms MarkObjects: 2.177200 ms  DeleteObjects: 0.112900 ms)

========================================================================
Received Import Request.
  Time since last request: 326.256331 seconds.
  path: Assets/Prefabs/MediumShell.prefab
  artifactKey: Guid(c2ae4da615533d34882e2f1792927136) Importer(815301076,1909f56bfc062723c751e8b465ee728b)
Start importing Assets/Prefabs/MediumShell.prefab using Guid(c2ae4da615533d34882e2f1792927136) Importer(815301076,1909f56bfc062723c751e8b465ee728b)  -> (artifact id: '8a357bbb2ae80f3f2097032b0bc824ea') in 0.055065 seconds 
========================================================================
Received Import Request.
  Time since last request: 6.032964 seconds.
  path: Assets/Prefabs/MediumShell.prefab
  artifactKey: Guid(c2ae4da615533d34882e2f1792927136) Importer(815301076,1909f56bfc062723c751e8b465ee728b)
Start importing Assets/Prefabs/MediumShell.prefab using Guid(c2ae4da615533d34882e2f1792927136) Importer(815301076,1909f56bfc062723c751e8b465ee728b)  -> (artifact id: '61f741dec455c348d5baff1e56e51508') in 0.008516 seconds 
========================================================================
Received Import Request.
  Time since last request: 17.857086 seconds.
  path: Assets/Prefabs/MediumShell.prefab
  artifactKey: Guid(c2ae4da615533d34882e2f1792927136) Importer(815301076,1909f56bfc062723c751e8b465ee728b)
Start importing Assets/Prefabs/MediumShell.prefab using Guid(c2ae4da615533d34882e2f1792927136) Importer(815301076,1909f56bfc062723c751e8b465ee728b)  -> (artifact id: 'f6b18af850e06d95d8ca58b8adcf5740') in 0.007855 seconds 
========================================================================
Received Import Request.
  Time since last request: 5289.246883 seconds.
  path: Assets/Prefabs/MediumShell.prefab
  artifactKey: Guid(c2ae4da615533d34882e2f1792927136) Importer(815301076,1909f56bfc062723c751e8b465ee728b)
Start importing Assets/Prefabs/MediumShell.prefab using Guid(c2ae4da615533d34882e2f1792927136) Importer(815301076,1909f56bfc062723c751e8b465ee728b)  -> (artifact id: '2dbe7d2ce131dbbdb23ad04a3de834ff') in 0.063634 seconds 
========================================================================
Received Prepare
Registering precompiled user dll's ...
Registered in 0.002045 seconds.
Begin MonoManager ReloadAssembly
Symbol file LoadedFromMemory doesn't match image D:\GameDev\Project_2\PongPongLegend\Library\PackageCache\com.unity.visualscripting@1.6.1\Editor\VisualScripting.Core\Dependencies\YamlDotNet\Unity.VisualScripting.YamlDotNet.dll
Symbol file LoadedFromMemory doesn't match image D:\GameDev\Project_2\PongPongLegend\Library\PackageCache\com.unity.visualscripting@1.6.1\Editor\VisualScripting.Core\Dependencies\DotNetZip\Unity.VisualScripting.IonicZip.dll
Native extension for WindowsStandalone target not found
Refreshing native plugins compatible for Editor in 0.88 ms, found 2 plugins.
Preloading 0 native plugins for Editor in 0.00 ms.
Mono: successfully reloaded assembly
- Completed reload, in  1.226 seconds
Platform modules already initialized, skipping
Refreshing native plugins compatible for Editor in 0.65 ms, found 2 plugins.
Preloading 0 native plugins for Editor in 0.00 ms.
Unloading 3378 Unused Serialized files (Serialized files now loaded: 0)
System memory in use before: 218.9 MB.
System memory in use after: 219.0 MB.

Unloading 16 unused Assets to reduce memory usage. Loaded Objects now: 3898.
Total: 2.501100 ms (FindLiveObjects: 0.250100 ms CreateObjectMapping: 0.152500 ms MarkObjects: 1.997000 ms  DeleteObjects: 0.100500 ms)

========================================================================
Received Import Request.
  Time since last request: 25.874368 seconds.
  path: Assets/Prefabs/MediumShell.prefab
  artifactKey: Guid(c2ae4da615533d34882e2f1792927136) Importer(815301076,1909f56bfc062723c751e8b465ee728b)
Start importing Assets/Prefabs/MediumShell.prefab using Guid(c2ae4da615533d34882e2f1792927136) Importer(815301076,1909f56bfc062723c751e8b465ee728b)  -> (artifact id: '2394ce089c9684486e6c105746ce5517') in 0.055787 seconds 
========================================================================
Received Import Request.
  Time since last request: 124.370418 seconds.
  path: Assets/Animation/expl_08_0000.controller
  artifactKey: Guid(16812ecb3e76a65478e577584dc06d91) Importer(815301076,1909f56bfc062723c751e8b465ee728b)
Start importing Assets/Animation/expl_08_0000.controller using Guid(16812ecb3e76a65478e577584dc06d91) Importer(815301076,1909f56bfc062723c751e8b465ee728b)  -> (artifact id: 'd3a51af2edb54d180dc5514886e9f75e') in 0.048345 seconds 
========================================================================
Received Import Request.
  Time since last request: 6.155505 seconds.
  path: Assets/Animation/Tower 1.controller
  artifactKey: Guid(0478427ea8f1ad944a7508c132c8bed4) Importer(815301076,1909f56bfc062723c751e8b465ee728b)
Start importing Assets/Animation/Tower 1.controller using Guid(0478427ea8f1ad944a7508c132c8bed4) Importer(815301076,1909f56bfc062723c751e8b465ee728b)  -> (artifact id: 'd8650fc3754c2c88a6a2c9f02c398fcf') in 0.006087 seconds 
========================================================================
Received Import Request.
  Time since last request: 0.732314 seconds.
  path: Assets/Animation/Tower.controller
  artifactKey: Guid(1abb5971a36149f4b84b16462c76294f) Importer(815301076,1909f56bfc062723c751e8b465ee728b)
Start importing Assets/Animation/Tower.controller using Guid(1abb5971a36149f4b84b16462c76294f) Importer(815301076,1909f56bfc062723c751e8b465ee728b)  -> (artifact id: '16f6a93c3a04e882bad753a3c560947f') in 0.026966 seconds 
========================================================================
Received Import Request.
  Time since last request: 6.620428 seconds.
  path: Assets/Animation/TurretShoot_1.anim
  artifactKey: Guid(ccfce37008626ff488c6bf1495ce318e) Importer(815301076,1909f56bfc062723c751e8b465ee728b)
Start importing Assets/Animation/TurretShoot_1.anim using Guid(ccfce37008626ff488c6bf1495ce318e) Importer(815301076,1909f56bfc062723c751e8b465ee728b)  -> (artifact id: '0258c18d72990bc58703dfe1c209491e') in 0.008591 seconds 
========================================================================
Received Import Request.
  Time since last request: 9.498527 seconds.
  path: Assets/Animation/Turret_1.controller
  artifactKey: Guid(0478427ea8f1ad944a7508c132c8bed4) Importer(815301076,1909f56bfc062723c751e8b465ee728b)
Start importing Assets/Animation/Turret_1.controller using Guid(0478427ea8f1ad944a7508c132c8bed4) Importer(815301076,1909f56bfc062723c751e8b465ee728b)  -> (artifact id: 'a95062fc201abf65f4da4ef8802a6b99') in 0.007362 seconds 
========================================================================
Received Import Request.
  Time since last request: 5.808483 seconds.
  path: Assets/Animation/IdleShoot.anim
  artifactKey: Guid(c655168dc42f6514998d9d74d6d56709) Importer(815301076,1909f56bfc062723c751e8b465ee728b)
Start importing Assets/Animation/IdleShoot.anim using Guid(c655168dc42f6514998d9d74d6d56709) Importer(815301076,1909f56bfc062723c751e8b465ee728b)  -> (artifact id: '4c61d263459e27c362aa9faa941d7052') in 0.044834 seconds 
========================================================================
Received Import Request.
  Time since last request: 9.184391 seconds.
  path: Assets/Animation/Track_0.controller
  artifactKey: Guid(9af44f0e95931504686f3d6cbc48c8be) Importer(815301076,1909f56bfc062723c751e8b465ee728b)
Start importing Assets/Animation/Track_0.controller using Guid(9af44f0e95931504686f3d6cbc48c8be) Importer(815301076,1909f56bfc062723c751e8b465ee728b)  -> (artifact id: '240fa63b116e197871c208644b753bd9') in 0.020464 seconds 
========================================================================
Received Prepare
Registering precompiled user dll's ...
Registered in 0.002069 seconds.
Begin MonoManager ReloadAssembly
Symbol file LoadedFromMemory doesn't match image D:\GameDev\Project_2\PongPongLegend\Library\PackageCache\com.unity.visualscripting@1.6.1\Editor\VisualScripting.Core\Dependencies\YamlDotNet\Unity.VisualScripting.YamlDotNet.dll
Symbol file LoadedFromMemory doesn't match image D:\GameDev\Project_2\PongPongLegend\Library\PackageCache\com.unity.visualscripting@1.6.1\Editor\VisualScripting.Core\Dependencies\DotNetZip\Unity.VisualScripting.IonicZip.dll
Native extension for WindowsStandalone target not found
Refreshing native plugins compatible for Editor in 0.64 ms, found 2 plugins.
Preloading 0 native plugins for Editor in 0.00 ms.
Mono: successfully reloaded assembly
- Completed reload, in  0.940 seconds
Platform modules already initialized, skipping
Refreshing native plugins compatible for Editor in 0.68 ms, found 2 plugins.
Preloading 0 native plugins for Editor in 0.00 ms.
Unloading 3378 Unused Serialized files (Serialized files now loaded: 0)
System memory in use before: 219.1 MB.
System memory in use after: 219.2 MB.

Unloading 16 unused Assets to reduce memory usage. Loaded Objects now: 3903.
Total: 2.741300 ms (FindLiveObjects: 0.240400 ms CreateObjectMapping: 0.158100 ms MarkObjects: 2.240800 ms  DeleteObjects: 0.101300 ms)

========================================================================
Received Import Request.
  Time since last request: 365.264376 seconds.
  path: Assets/Prefabs/MediumShell.prefab
  artifactKey: Guid(c2ae4da615533d34882e2f1792927136) Importer(815301076,1909f56bfc062723c751e8b465ee728b)
Start importing Assets/Prefabs/MediumShell.prefab using Guid(c2ae4da615533d34882e2f1792927136) Importer(815301076,1909f56bfc062723c751e8b465ee728b)  -> (artifact id: '28a016b7441e497f7d8bb2caa2ae2f93') in 0.072800 seconds 
========================================================================
Received Import Request.
  Time since last request: 0.244255 seconds.
  path: Assets/Prefabs/MediumShell.prefab
  artifactKey: Guid(c2ae4da615533d34882e2f1792927136) Importer(815301076,1909f56bfc062723c751e8b465ee728b)
Start importing Assets/Prefabs/MediumShell.prefab using Guid(c2ae4da615533d34882e2f1792927136) Importer(815301076,1909f56bfc062723c751e8b465ee728b)  -> (artifact id: 'f37ed4ef0ae0493031313ee1d4977026') in 0.006259 seconds 
========================================================================
Received Import Request.
  Time since last request: 2.003677 seconds.
  path: Assets/Prefabs/MediumShell.prefab
  artifactKey: Guid(c2ae4da615533d34882e2f1792927136) Importer(815301076,1909f56bfc062723c751e8b465ee728b)
Start importing Assets/Prefabs/MediumShell.prefab using Guid(c2ae4da615533d34882e2f1792927136) Importer(815301076,1909f56bfc062723c751e8b465ee728b)  -> (artifact id: 'cff2b490fd75db9a3f2f67a6ea0d8434') in 0.006514 seconds 
========================================================================
Received Prepare
Registering precompiled user dll's ...
Registered in 0.002121 seconds.
Begin MonoManager ReloadAssembly
Symbol file LoadedFromMemory doesn't match image D:\GameDev\Project_2\PongPongLegend\Library\PackageCache\com.unity.visualscripting@1.6.1\Editor\VisualScripting.Core\Dependencies\YamlDotNet\Unity.VisualScripting.YamlDotNet.dll
Symbol file LoadedFromMemory doesn't match image D:\GameDev\Project_2\PongPongLegend\Library\PackageCache\com.unity.visualscripting@1.6.1\Editor\VisualScripting.Core\Dependencies\DotNetZip\Unity.VisualScripting.IonicZip.dll
Native extension for WindowsStandalone target not found
Refreshing native plugins compatible for Editor in 0.70 ms, found 2 plugins.
Preloading 0 native plugins for Editor in 0.00 ms.
Mono: successfully reloaded assembly
- Completed reload, in  0.945 seconds
Platform modules already initialized, skipping
Refreshing native plugins compatible for Editor in 0.63 ms, found 2 plugins.
Preloading 0 native plugins for Editor in 0.00 ms.
Unloading 3378 Unused Serialized files (Serialized files now loaded: 0)
System memory in use before: 219.1 MB.
System memory in use after: 219.2 MB.

Unloading 16 unused Assets to reduce memory usage. Loaded Objects now: 3908.
Total: 3.415200 ms (FindLiveObjects: 0.281500 ms CreateObjectMapping: 0.133900 ms MarkObjects: 2.759000 ms  DeleteObjects: 0.239100 ms)

========================================================================
Received Import Request.
  Time since last request: 19.165983 seconds.
  path: Assets/Prefabs/MediumShell.prefab
  artifactKey: Guid(c2ae4da615533d34882e2f1792927136) Importer(815301076,1909f56bfc062723c751e8b465ee728b)
Start importing Assets/Prefabs/MediumShell.prefab using Guid(c2ae4da615533d34882e2f1792927136) Importer(815301076,1909f56bfc062723c751e8b465ee728b)  -> (artifact id: '7d6d9cbea6a675ff0ea532ff9c257778') in 0.054360 seconds 
========================================================================
Received Prepare
Registering precompiled user dll's ...
Registered in 0.002063 seconds.
Begin MonoManager ReloadAssembly
Symbol file LoadedFromMemory doesn't match image D:\GameDev\Project_2\PongPongLegend\Library\PackageCache\com.unity.visualscripting@1.6.1\Editor\VisualScripting.Core\Dependencies\YamlDotNet\Unity.VisualScripting.YamlDotNet.dll
Symbol file LoadedFromMemory doesn't match image D:\GameDev\Project_2\PongPongLegend\Library\PackageCache\com.unity.visualscripting@1.6.1\Editor\VisualScripting.Core\Dependencies\DotNetZip\Unity.VisualScripting.IonicZip.dll
Native extension for WindowsStandalone target not found
Refreshing native plugins compatible for Editor in 0.64 ms, found 2 plugins.
Preloading 0 native plugins for Editor in 0.00 ms.
Mono: successfully reloaded assembly
- Completed reload, in  0.926 seconds
Platform modules already initialized, skipping
Refreshing native plugins compatible for Editor in 0.64 ms, found 2 plugins.
Preloading 0 native plugins for Editor in 0.00 ms.
Unloading 3378 Unused Serialized files (Serialized files now loaded: 0)
System memory in use before: 219.0 MB.
System memory in use after: 219.1 MB.

Unloading 16 unused Assets to reduce memory usage. Loaded Objects now: 3913.
Total: 2.671100 ms (FindLiveObjects: 0.251700 ms CreateObjectMapping: 0.125300 ms MarkObjects: 2.138700 ms  DeleteObjects: 0.154600 ms)

========================================================================
Received Prepare
Registering precompiled user dll's ...
Registered in 0.002061 seconds.
Begin MonoManager ReloadAssembly
Symbol file LoadedFromMemory doesn't match image D:\GameDev\Project_2\PongPongLegend\Library\PackageCache\com.unity.visualscripting@1.6.1\Editor\VisualScripting.Core\Dependencies\YamlDotNet\Unity.VisualScripting.YamlDotNet.dll
Symbol file LoadedFromMemory doesn't match image D:\GameDev\Project_2\PongPongLegend\Library\PackageCache\com.unity.visualscripting@1.6.1\Editor\VisualScripting.Core\Dependencies\DotNetZip\Unity.VisualScripting.IonicZip.dll
Native extension for WindowsStandalone target not found
Refreshing native plugins compatible for Editor in 0.63 ms, found 2 plugins.
Preloading 0 native plugins for Editor in 0.00 ms.
Mono: successfully reloaded assembly
- Completed reload, in  0.904 seconds
Platform modules already initialized, skipping
Refreshing native plugins compatible for Editor in 0.65 ms, found 2 plugins.
Preloading 0 native plugins for Editor in 0.00 ms.
Unloading 3378 Unused Serialized files (Serialized files now loaded: 0)
System memory in use before: 219.0 MB.
System memory in use after: 219.1 MB.

Unloading 16 unused Assets to reduce memory usage. Loaded Objects now: 3917.
Total: 3.803200 ms (FindLiveObjects: 0.603200 ms CreateObjectMapping: 0.398200 ms MarkObjects: 2.662000 ms  DeleteObjects: 0.138900 ms)

========================================================================
Received Prepare
Registering precompiled user dll's ...
Registered in 0.002093 seconds.
Begin MonoManager ReloadAssembly
Symbol file LoadedFromMemory doesn't match image D:\GameDev\Project_2\PongPongLegend\Library\PackageCache\com.unity.visualscripting@1.6.1\Editor\VisualScripting.Core\Dependencies\YamlDotNet\Unity.VisualScripting.YamlDotNet.dll
Symbol file LoadedFromMemory doesn't match image D:\GameDev\Project_2\PongPongLegend\Library\PackageCache\com.unity.visualscripting@1.6.1\Editor\VisualScripting.Core\Dependencies\DotNetZip\Unity.VisualScripting.IonicZip.dll
Native extension for WindowsStandalone target not found
Refreshing native plugins compatible for Editor in 0.66 ms, found 2 plugins.
Preloading 0 native plugins for Editor in 0.00 ms.
Mono: successfully reloaded assembly
- Completed reload, in  0.912 seconds
Platform modules already initialized, skipping
Refreshing native plugins compatible for Editor in 0.66 ms, found 2 plugins.
Preloading 0 native plugins for Editor in 0.00 ms.
Unloading 3378 Unused Serialized files (Serialized files now loaded: 0)
System memory in use before: 219.0 MB.
System memory in use after: 219.1 MB.

Unloading 16 unused Assets to reduce memory usage. Loaded Objects now: 3921.
Total: 2.630300 ms (FindLiveObjects: 0.427400 ms CreateObjectMapping: 0.186300 ms MarkObjects: 1.905400 ms  DeleteObjects: 0.109600 ms)

========================================================================
Received Prepare
Registering precompiled user dll's ...
Registered in 0.002143 seconds.
Begin MonoManager ReloadAssembly
Symbol file LoadedFromMemory doesn't match image D:\GameDev\Project_2\PongPongLegend\Library\PackageCache\com.unity.visualscripting@1.6.1\Editor\VisualScripting.Core\Dependencies\YamlDotNet\Unity.VisualScripting.YamlDotNet.dll
Symbol file LoadedFromMemory doesn't match image D:\GameDev\Project_2\PongPongLegend\Library\PackageCache\com.unity.visualscripting@1.6.1\Editor\VisualScripting.Core\Dependencies\DotNetZip\Unity.VisualScripting.IonicZip.dll
Native extension for WindowsStandalone target not found
Refreshing native plugins compatible for Editor in 0.65 ms, found 2 plugins.
Preloading 0 native plugins for Editor in 0.00 ms.
Mono: successfully reloaded assembly
- Completed reload, in  0.915 seconds
Platform modules already initialized, skipping
Refreshing native plugins compatible for Editor in 0.75 ms, found 2 plugins.
Preloading 0 native plugins for Editor in 0.00 ms.
Unloading 3378 Unused Serialized files (Serialized files now loaded: 0)
System memory in use before: 219.0 MB.
System memory in use after: 219.1 MB.

Unloading 16 unused Assets to reduce memory usage. Loaded Objects now: 3925.
Total: 3.004700 ms (FindLiveObjects: 0.302300 ms CreateObjectMapping: 0.159900 ms MarkObjects: 2.385400 ms  DeleteObjects: 0.155700 ms)

========================================================================
Received Import Request.
  Time since last request: 523.156088 seconds.
  path: Assets/Scripts/EnemyController.cs
  artifactKey: Guid(a59e15d59c53e3b4bac3cf7696a75155) Importer(815301076,1909f56bfc062723c751e8b465ee728b)
Start importing Assets/Scripts/EnemyController.cs using Guid(a59e15d59c53e3b4bac3cf7696a75155) Importer(815301076,1909f56bfc062723c751e8b465ee728b)  -> (artifact id: 'b004c45a98b168e07ac8b7564f1b1dce') in 0.009835 seconds 
========================================================================
Received Prepare
Registering precompiled user dll's ...
Registered in 0.002097 seconds.
Begin MonoManager ReloadAssembly
Symbol file LoadedFromMemory doesn't match image D:\GameDev\Project_2\PongPongLegend\Library\PackageCache\com.unity.visualscripting@1.6.1\Editor\VisualScripting.Core\Dependencies\YamlDotNet\Unity.VisualScripting.YamlDotNet.dll
Symbol file LoadedFromMemory doesn't match image D:\GameDev\Project_2\PongPongLegend\Library\PackageCache\com.unity.visualscripting@1.6.1\Editor\VisualScripting.Core\Dependencies\DotNetZip\Unity.VisualScripting.IonicZip.dll
Native extension for WindowsStandalone target not found
Refreshing native plugins compatible for Editor in 0.65 ms, found 2 plugins.
Preloading 0 native plugins for Editor in 0.00 ms.
Mono: successfully reloaded assembly
- Completed reload, in  0.897 seconds
Platform modules already initialized, skipping
Refreshing native plugins compatible for Editor in 0.64 ms, found 2 plugins.
Preloading 0 native plugins for Editor in 0.00 ms.
Unloading 3379 Unused Serialized files (Serialized files now loaded: 0)
System memory in use before: 219.1 MB.
System memory in use after: 219.2 MB.

Unloading 16 unused Assets to reduce memory usage. Loaded Objects now: 3930.
Total: 2.798600 ms (FindLiveObjects: 0.282600 ms CreateObjectMapping: 0.226100 ms MarkObjects: 2.180700 ms  DeleteObjects: 0.108200 ms)

========================================================================
Received Prepare
Registering precompiled user dll's ...
Registered in 0.002070 seconds.
Begin MonoManager ReloadAssembly
Symbol file LoadedFromMemory doesn't match image D:\GameDev\Project_2\PongPongLegend\Library\PackageCache\com.unity.visualscripting@1.6.1\Editor\VisualScripting.Core\Dependencies\YamlDotNet\Unity.VisualScripting.YamlDotNet.dll
Symbol file LoadedFromMemory doesn't match image D:\GameDev\Project_2\PongPongLegend\Library\PackageCache\com.unity.visualscripting@1.6.1\Editor\VisualScripting.Core\Dependencies\DotNetZip\Unity.VisualScripting.IonicZip.dll
Native extension for WindowsStandalone target not found
Refreshing native plugins compatible for Editor in 0.66 ms, found 2 plugins.
Preloading 0 native plugins for Editor in 0.00 ms.
Mono: successfully reloaded assembly
- Completed reload, in  0.901 seconds
Platform modules already initialized, skipping
Refreshing native plugins compatible for Editor in 0.64 ms, found 2 plugins.
Preloading 0 native plugins for Editor in 0.00 ms.
Unloading 3379 Unused Serialized files (Serialized files now loaded: 0)
System memory in use before: 219.1 MB.
System memory in use after: 219.2 MB.

Unloading 16 unused Assets to reduce memory usage. Loaded Objects now: 3934.
Total: 2.856800 ms (FindLiveObjects: 0.274200 ms CreateObjectMapping: 0.191200 ms MarkObjects: 2.279700 ms  DeleteObjects: 0.110300 ms)

========================================================================
Received Prepare
Registering precompiled user dll's ...
Registered in 0.002249 seconds.
Begin MonoManager ReloadAssembly
Symbol file LoadedFromMemory doesn't match image D:\GameDev\Project_2\PongPongLegend\Library\PackageCache\com.unity.visualscripting@1.6.1\Editor\VisualScripting.Core\Dependencies\YamlDotNet\Unity.VisualScripting.YamlDotNet.dll
Symbol file LoadedFromMemory doesn't match image D:\GameDev\Project_2\PongPongLegend\Library\PackageCache\com.unity.visualscripting@1.6.1\Editor\VisualScripting.Core\Dependencies\DotNetZip\Unity.VisualScripting.IonicZip.dll
Native extension for WindowsStandalone target not found
Refreshing native plugins compatible for Editor in 0.63 ms, found 2 plugins.
Preloading 0 native plugins for Editor in 0.00 ms.
Mono: successfully reloaded assembly
- Completed reload, in  0.891 seconds
Platform modules already initialized, skipping
Refreshing native plugins compatible for Editor in 0.69 ms, found 2 plugins.
Preloading 0 native plugins for Editor in 0.00 ms.
Unloading 3379 Unused Serialized files (Serialized files now loaded: 0)
System memory in use before: 219.1 MB.
System memory in use after: 219.2 MB.

Unloading 16 unused Assets to reduce memory usage. Loaded Objects now: 3938.
Total: 3.173100 ms (FindLiveObjects: 0.269100 ms CreateObjectMapping: 0.173900 ms MarkObjects: 2.612900 ms  DeleteObjects: 0.115800 ms)

========================================================================
Received Import Request.
  Time since last request: 441.737664 seconds.
  path: Assets/Scripts/EnemyController.cs
  artifactKey: Guid(a59e15d59c53e3b4bac3cf7696a75155) Importer(815301076,1909f56bfc062723c751e8b465ee728b)
Start importing Assets/Scripts/EnemyController.cs using Guid(a59e15d59c53e3b4bac3cf7696a75155) Importer(815301076,1909f56bfc062723c751e8b465ee728b)  -> (artifact id: 'f60ac014bd241ed60e7d7702182850d2') in 0.005413 seconds 
========================================================================
Received Prepare
Registering precompiled user dll's ...
Registered in 0.002060 seconds.
Begin MonoManager ReloadAssembly
Symbol file LoadedFromMemory doesn't match image D:\GameDev\Project_2\PongPongLegend\Library\PackageCache\com.unity.visualscripting@1.6.1\Editor\VisualScripting.Core\Dependencies\YamlDotNet\Unity.VisualScripting.YamlDotNet.dll
Symbol file LoadedFromMemory doesn't match image D:\GameDev\Project_2\PongPongLegend\Library\PackageCache\com.unity.visualscripting@1.6.1\Editor\VisualScripting.Core\Dependencies\DotNetZip\Unity.VisualScripting.IonicZip.dll
Native extension for WindowsStandalone target not found
Refreshing native plugins compatible for Editor in 0.62 ms, found 2 plugins.
Preloading 0 native plugins for Editor in 0.00 ms.
Mono: successfully reloaded assembly
- Completed reload, in  0.904 seconds
Platform modules already initialized, skipping
Refreshing native plugins compatible for Editor in 0.63 ms, found 2 plugins.
Preloading 0 native plugins for Editor in 0.00 ms.
Unloading 3379 Unused Serialized files (Serialized files now loaded: 0)
System memory in use before: 219.1 MB.
System memory in use after: 219.2 MB.

Unloading 16 unused Assets to reduce memory usage. Loaded Objects now: 3942.
Total: 2.691300 ms (FindLiveObjects: 0.252600 ms CreateObjectMapping: 0.137400 ms MarkObjects: 2.199400 ms  DeleteObjects: 0.101200 ms)

========================================================================
Received Prepare
Registering precompiled user dll's ...
Registered in 0.002048 seconds.
Begin MonoManager ReloadAssembly
Symbol file LoadedFromMemory doesn't match image D:\GameDev\Project_2\PongPongLegend\Library\PackageCache\com.unity.visualscripting@1.6.1\Editor\VisualScripting.Core\Dependencies\YamlDotNet\Unity.VisualScripting.YamlDotNet.dll
Symbol file LoadedFromMemory doesn't match image D:\GameDev\Project_2\PongPongLegend\Library\PackageCache\com.unity.visualscripting@1.6.1\Editor\VisualScripting.Core\Dependencies\DotNetZip\Unity.VisualScripting.IonicZip.dll
Native extension for WindowsStandalone target not found
Refreshing native plugins compatible for Editor in 0.63 ms, found 2 plugins.
Preloading 0 native plugins for Editor in 0.00 ms.
Mono: successfully reloaded assembly
- Completed reload, in  0.889 seconds
Platform modules already initialized, skipping
Refreshing native plugins compatible for Editor in 0.66 ms, found 2 plugins.
Preloading 0 native plugins for Editor in 0.00 ms.
Unloading 3379 Unused Serialized files (Serialized files now loaded: 0)
System memory in use before: 219.1 MB.
System memory in use after: 219.2 MB.

Unloading 16 unused Assets to reduce memory usage. Loaded Objects now: 3946.
Total: 2.854300 ms (FindLiveObjects: 0.290100 ms CreateObjectMapping: 0.163800 ms MarkObjects: 2.296400 ms  DeleteObjects: 0.103400 ms)

========================================================================
Received Prepare
Registering precompiled user dll's ...
Registered in 0.002028 seconds.
Begin MonoManager ReloadAssembly
Symbol file LoadedFromMemory doesn't match image D:\GameDev\Project_2\PongPongLegend\Library\PackageCache\com.unity.visualscripting@1.6.1\Editor\VisualScripting.Core\Dependencies\YamlDotNet\Unity.VisualScripting.YamlDotNet.dll
Symbol file LoadedFromMemory doesn't match image D:\GameDev\Project_2\PongPongLegend\Library\PackageCache\com.unity.visualscripting@1.6.1\Editor\VisualScripting.Core\Dependencies\DotNetZip\Unity.VisualScripting.IonicZip.dll
Native extension for WindowsStandalone target not found
Refreshing native plugins compatible for Editor in 0.63 ms, found 2 plugins.
Preloading 0 native plugins for Editor in 0.00 ms.
Mono: successfully reloaded assembly
- Completed reload, in  0.866 seconds
Platform modules already initialized, skipping
Refreshing native plugins compatible for Editor in 0.66 ms, found 2 plugins.
Preloading 0 native plugins for Editor in 0.00 ms.
Unloading 3379 Unused Serialized files (Serialized files now loaded: 0)
System memory in use before: 219.1 MB.
System memory in use after: 219.2 MB.

Unloading 16 unused Assets to reduce memory usage. Loaded Objects now: 3950.
Total: 2.642600 ms (FindLiveObjects: 0.253200 ms CreateObjectMapping: 0.119000 ms MarkObjects: 2.143200 ms  DeleteObjects: 0.126400 ms)

========================================================================
Received Prepare
Registering precompiled user dll's ...
Registered in 0.001997 seconds.
Begin MonoManager ReloadAssembly
Symbol file LoadedFromMemory doesn't match image D:\GameDev\Project_2\PongPongLegend\Library\PackageCache\com.unity.visualscripting@1.6.1\Editor\VisualScripting.Core\Dependencies\YamlDotNet\Unity.VisualScripting.YamlDotNet.dll
Symbol file LoadedFromMemory doesn't match image D:\GameDev\Project_2\PongPongLegend\Library\PackageCache\com.unity.visualscripting@1.6.1\Editor\VisualScripting.Core\Dependencies\DotNetZip\Unity.VisualScripting.IonicZip.dll
Native extension for WindowsStandalone target not found
Refreshing native plugins compatible for Editor in 0.75 ms, found 2 plugins.
Preloading 0 native plugins for Editor in 0.00 ms.
Mono: successfully reloaded assembly
- Completed reload, in  0.908 seconds
Platform modules already initialized, skipping
Refreshing native plugins compatible for Editor in 0.65 ms, found 2 plugins.
Preloading 0 native plugins for Editor in 0.00 ms.
Unloading 3379 Unused Serialized files (Serialized files now loaded: 0)
System memory in use before: 219.1 MB.
System memory in use after: 219.2 MB.

Unloading 16 unused Assets to reduce memory usage. Loaded Objects now: 3954.
Total: 2.485200 ms (FindLiveObjects: 0.347400 ms CreateObjectMapping: 0.156900 ms MarkObjects: 1.881100 ms  DeleteObjects: 0.099100 ms)

========================================================================
Received Prepare
Registering precompiled user dll's ...
Registered in 0.002165 seconds.
Begin MonoManager ReloadAssembly
Symbol file LoadedFromMemory doesn't match image D:\GameDev\Project_2\PongPongLegend\Library\PackageCache\com.unity.visualscripting@1.6.1\Editor\VisualScripting.Core\Dependencies\YamlDotNet\Unity.VisualScripting.YamlDotNet.dll
Symbol file LoadedFromMemory doesn't match image D:\GameDev\Project_2\PongPongLegend\Library\PackageCache\com.unity.visualscripting@1.6.1\Editor\VisualScripting.Core\Dependencies\DotNetZip\Unity.VisualScripting.IonicZip.dll
Native extension for WindowsStandalone target not found
Refreshing native plugins compatible for Editor in 0.65 ms, found 2 plugins.
Preloading 0 native plugins for Editor in 0.00 ms.
Mono: successfully reloaded assembly
- Completed reload, in  0.884 seconds
Platform modules already initialized, skipping
Refreshing native plugins compatible for Editor in 0.66 ms, found 2 plugins.
Preloading 0 native plugins for Editor in 0.00 ms.
Unloading 3379 Unused Serialized files (Serialized files now loaded: 0)
System memory in use before: 219.1 MB.
System memory in use after: 219.2 MB.

Unloading 16 unused Assets to reduce memory usage. Loaded Objects now: 3958.
Total: 2.987600 ms (FindLiveObjects: 0.441100 ms CreateObjectMapping: 0.227300 ms MarkObjects: 2.209900 ms  DeleteObjects: 0.108300 ms)

========================================================================
Received Prepare
Registering precompiled user dll's ...
Registered in 0.002083 seconds.
Begin MonoManager ReloadAssembly
Symbol file LoadedFromMemory doesn't match image D:\GameDev\Project_2\PongPongLegend\Library\PackageCache\com.unity.visualscripting@1.6.1\Editor\VisualScripting.Core\Dependencies\YamlDotNet\Unity.VisualScripting.YamlDotNet.dll
Symbol file LoadedFromMemory doesn't match image D:\GameDev\Project_2\PongPongLegend\Library\PackageCache\com.unity.visualscripting@1.6.1\Editor\VisualScripting.Core\Dependencies\DotNetZip\Unity.VisualScripting.IonicZip.dll
Native extension for WindowsStandalone target not found
Refreshing native plugins compatible for Editor in 0.66 ms, found 2 plugins.
Preloading 0 native plugins for Editor in 0.00 ms.
Mono: successfully reloaded assembly
- Completed reload, in  0.925 seconds
Platform modules already initialized, skipping
Refreshing native plugins compatible for Editor in 0.65 ms, found 2 plugins.
Preloading 0 native plugins for Editor in 0.00 ms.
Unloading 3379 Unused Serialized files (Serialized files now loaded: 0)
System memory in use before: 219.1 MB.
System memory in use after: 219.2 MB.

Unloading 16 unused Assets to reduce memory usage. Loaded Objects now: 3962.
Total: 4.304000 ms (FindLiveObjects: 0.336200 ms CreateObjectMapping: 0.231400 ms MarkObjects: 3.556600 ms  DeleteObjects: 0.178600 ms)

========================================================================
Received Prepare
Registering precompiled user dll's ...
Registered in 0.002071 seconds.
Begin MonoManager ReloadAssembly
Symbol file LoadedFromMemory doesn't match image D:\GameDev\Project_2\PongPongLegend\Library\PackageCache\com.unity.visualscripting@1.6.1\Editor\VisualScripting.Core\Dependencies\YamlDotNet\Unity.VisualScripting.YamlDotNet.dll
Symbol file LoadedFromMemory doesn't match image D:\GameDev\Project_2\PongPongLegend\Library\PackageCache\com.unity.visualscripting@1.6.1\Editor\VisualScripting.Core\Dependencies\DotNetZip\Unity.VisualScripting.IonicZip.dll
Native extension for WindowsStandalone target not found
Refreshing native plugins compatible for Editor in 0.66 ms, found 2 plugins.
Preloading 0 native plugins for Editor in 0.00 ms.
Mono: successfully reloaded assembly
- Completed reload, in  0.924 seconds
Platform modules already initialized, skipping
Refreshing native plugins compatible for Editor in 0.65 ms, found 2 plugins.
Preloading 0 native plugins for Editor in 0.00 ms.
Unloading 3379 Unused Serialized files (Serialized files now loaded: 0)
System memory in use before: 219.2 MB.
System memory in use after: 219.3 MB.

Unloading 16 unused Assets to reduce memory usage. Loaded Objects now: 3966.
Total: 2.866300 ms (FindLiveObjects: 0.317400 ms CreateObjectMapping: 0.249600 ms MarkObjects: 2.188600 ms  DeleteObjects: 0.109800 ms)

========================================================================
Received Prepare
Registering precompiled user dll's ...
Registered in 0.002731 seconds.
Begin MonoManager ReloadAssembly
Symbol file LoadedFromMemory doesn't match image D:\GameDev\Project_2\PongPongLegend\Library\PackageCache\com.unity.visualscripting@1.6.1\Editor\VisualScripting.Core\Dependencies\YamlDotNet\Unity.VisualScripting.YamlDotNet.dll
Symbol file LoadedFromMemory doesn't match image D:\GameDev\Project_2\PongPongLegend\Library\PackageCache\com.unity.visualscripting@1.6.1\Editor\VisualScripting.Core\Dependencies\DotNetZip\Unity.VisualScripting.IonicZip.dll
Native extension for WindowsStandalone target not found
Refreshing native plugins compatible for Editor in 0.65 ms, found 2 plugins.
Preloading 0 native plugins for Editor in 0.00 ms.
Mono: successfully reloaded assembly
- Completed reload, in  0.872 seconds
Platform modules already initialized, skipping
Refreshing native plugins compatible for Editor in 0.66 ms, found 2 plugins.
Preloading 0 native plugins for Editor in 0.00 ms.
Unloading 3379 Unused Serialized files (Serialized files now loaded: 0)
System memory in use before: 219.2 MB.
System memory in use after: 219.3 MB.

Unloading 16 unused Assets to reduce memory usage. Loaded Objects now: 3970.
Total: 2.447800 ms (FindLiveObjects: 0.239400 ms CreateObjectMapping: 0.148900 ms MarkObjects: 1.955900 ms  DeleteObjects: 0.103000 ms)

========================================================================
Received Prepare
Registering precompiled user dll's ...
Registered in 0.002070 seconds.
Begin MonoManager ReloadAssembly
Symbol file LoadedFromMemory doesn't match image D:\GameDev\Project_2\PongPongLegend\Library\PackageCache\com.unity.visualscripting@1.6.1\Editor\VisualScripting.Core\Dependencies\YamlDotNet\Unity.VisualScripting.YamlDotNet.dll
Symbol file LoadedFromMemory doesn't match image D:\GameDev\Project_2\PongPongLegend\Library\PackageCache\com.unity.visualscripting@1.6.1\Editor\VisualScripting.Core\Dependencies\DotNetZip\Unity.VisualScripting.IonicZip.dll
Native extension for WindowsStandalone target not found
Refreshing native plugins compatible for Editor in 0.64 ms, found 2 plugins.
Preloading 0 native plugins for Editor in 0.00 ms.
Mono: successfully reloaded assembly
- Completed reload, in  0.893 seconds
Platform modules already initialized, skipping
Refreshing native plugins compatible for Editor in 0.75 ms, found 2 plugins.
Preloading 0 native plugins for Editor in 0.00 ms.
Unloading 3379 Unused Serialized files (Serialized files now loaded: 0)
System memory in use before: 219.2 MB.
System memory in use after: 219.3 MB.

Unloading 16 unused Assets to reduce memory usage. Loaded Objects now: 3974.
Total: 2.592900 ms (FindLiveObjects: 0.227700 ms CreateObjectMapping: 0.129600 ms MarkObjects: 2.133200 ms  DeleteObjects: 0.101400 ms)

========================================================================
Received Prepare
Registering precompiled user dll's ...
Registered in 0.002090 seconds.
Begin MonoManager ReloadAssembly
Symbol file LoadedFromMemory doesn't match image D:\GameDev\Project_2\PongPongLegend\Library\PackageCache\com.unity.visualscripting@1.6.1\Editor\VisualScripting.Core\Dependencies\YamlDotNet\Unity.VisualScripting.YamlDotNet.dll
Symbol file LoadedFromMemory doesn't match image D:\GameDev\Project_2\PongPongLegend\Library\PackageCache\com.unity.visualscripting@1.6.1\Editor\VisualScripting.Core\Dependencies\DotNetZip\Unity.VisualScripting.IonicZip.dll
Native extension for WindowsStandalone target not found
Refreshing native plugins compatible for Editor in 0.64 ms, found 2 plugins.
Preloading 0 native plugins for Editor in 0.00 ms.
Mono: successfully reloaded assembly
- Completed reload, in  0.900 seconds
Platform modules already initialized, skipping
Refreshing native plugins compatible for Editor in 1.18 ms, found 2 plugins.
Preloading 0 native plugins for Editor in 0.00 ms.
Unloading 3379 Unused Serialized files (Serialized files now loaded: 0)
System memory in use before: 219.2 MB.
System memory in use after: 219.3 MB.

Unloading 16 unused Assets to reduce memory usage. Loaded Objects now: 3978.
Total: 2.693500 ms (FindLiveObjects: 0.259300 ms CreateObjectMapping: 0.175100 ms MarkObjects: 2.150500 ms  DeleteObjects: 0.107300 ms)

========================================================================
Received Import Request.
  Time since last request: 652.509534 seconds.
  path: Assets/Sprites/GameTitle.png
  artifactKey: Guid(97e0bf8973104684e8fa6dff671eadc8) Importer(815301076,1909f56bfc062723c751e8b465ee728b)
Start importing Assets/Sprites/GameTitle.png using Guid(97e0bf8973104684e8fa6dff671eadc8) Importer(815301076,1909f56bfc062723c751e8b465ee728b)  -> (artifact id: '70cb5098a91f52ca0b6641a20dcab92b') in 0.133951 seconds 
========================================================================
Received Import Request.
  Time since last request: 3.362866 seconds.
  path: Packages/com.unity.2d.sprite/Editor/ObjectMenuCreation/DefaultAssets/Textures/9-Sliced.png
  artifactKey: Guid(cc35afd292fc349128b36a291fb3a165) Importer(815301076,1909f56bfc062723c751e8b465ee728b)
Start importing Packages/com.unity.2d.sprite/Editor/ObjectMenuCreation/DefaultAssets/Textures/9-Sliced.png using Guid(cc35afd292fc349128b36a291fb3a165) Importer(815301076,1909f56bfc062723c751e8b465ee728b)  -> (artifact id: '132f5560e61e9c8f9f6ea6622ac666e4') in 0.094042 seconds 
========================================================================
Received Import Request.
  Time since last request: 0.000297 seconds.
  path: Packages/com.unity.2d.sprite/Editor/ObjectMenuCreation/DefaultAssets/Textures/v2/9Sliced.png
  artifactKey: Guid(8884154dfe85442a3a3578be807dbcdf) Importer(815301076,1909f56bfc062723c751e8b465ee728b)
Start importing Packages/com.unity.2d.sprite/Editor/ObjectMenuCreation/DefaultAssets/Textures/v2/9Sliced.png using Guid(8884154dfe85442a3a3578be807dbcdf) Importer(815301076,1909f56bfc062723c751e8b465ee728b)  -> (artifact id: '332cd449603e9f1c42a365cb80afc454') in 0.058055 seconds 
========================================================================
Received Import Request.
  Time since last request: 87.344753 seconds.
  path: Packages/com.unity.2d.sprite/Editor/SpriteEditor
  artifactKey: Guid(d32377b23cb0c8b46a545d7014fff425) Importer(815301076,1909f56bfc062723c751e8b465ee728b)
Start importing Packages/com.unity.2d.sprite/Editor/SpriteEditor using Guid(d32377b23cb0c8b46a545d7014fff425) Importer(815301076,1909f56bfc062723c751e8b465ee728b)  -> (artifact id: '65c509607bdff9b5a1f8abdff141279d') in 0.038773 seconds 
========================================================================
Received Prepare
Registering precompiled user dll's ...
Registered in 0.002352 seconds.
Begin MonoManager ReloadAssembly
Symbol file LoadedFromMemory doesn't match image D:\GameDev\Project_2\PongPongLegend\Library\PackageCache\com.unity.visualscripting@1.6.1\Editor\VisualScripting.Core\Dependencies\YamlDotNet\Unity.VisualScripting.YamlDotNet.dll
Symbol file LoadedFromMemory doesn't match image D:\GameDev\Project_2\PongPongLegend\Library\PackageCache\com.unity.visualscripting@1.6.1\Editor\VisualScripting.Core\Dependencies\DotNetZip\Unity.VisualScripting.IonicZip.dll
Native extension for WindowsStandalone target not found
Refreshing native plugins compatible for Editor in 0.68 ms, found 2 plugins.
Preloading 0 native plugins for Editor in 0.00 ms.
Mono: successfully reloaded assembly
- Completed reload, in  0.880 seconds
Platform modules already initialized, skipping
Refreshing native plugins compatible for Editor in 0.76 ms, found 2 plugins.
Preloading 0 native plugins for Editor in 0.00 ms.
Unloading 3382 Unused Serialized files (Serialized files now loaded: 0)
System memory in use before: 221.4 MB.
System memory in use after: 221.5 MB.

Unloading 16 unused Assets to reduce memory usage. Loaded Objects now: 4030.
Total: 2.758600 ms (FindLiveObjects: 0.261900 ms CreateObjectMapping: 0.153200 ms MarkObjects: 2.236200 ms  DeleteObjects: 0.106300 ms)

========================================================================
Received Prepare
Registering precompiled user dll's ...
Registered in 0.002114 seconds.
Begin MonoManager ReloadAssembly
Symbol file LoadedFromMemory doesn't match image D:\GameDev\Project_2\PongPongLegend\Library\PackageCache\com.unity.visualscripting@1.6.1\Editor\VisualScripting.Core\Dependencies\YamlDotNet\Unity.VisualScripting.YamlDotNet.dll
Symbol file LoadedFromMemory doesn't match image D:\GameDev\Project_2\PongPongLegend\Library\PackageCache\com.unity.visualscripting@1.6.1\Editor\VisualScripting.Core\Dependencies\DotNetZip\Unity.VisualScripting.IonicZip.dll
Native extension for WindowsStandalone target not found
Refreshing native plugins compatible for Editor in 1.06 ms, found 2 plugins.
Preloading 0 native plugins for Editor in 0.00 ms.
Mono: successfully reloaded assembly
- Completed reload, in  0.895 seconds
Platform modules already initialized, skipping
Refreshing native plugins compatible for Editor in 0.72 ms, found 2 plugins.
Preloading 0 native plugins for Editor in 0.00 ms.
Unloading 3379 Unused Serialized files (Serialized files now loaded: 0)
System memory in use before: 221.3 MB.
System memory in use after: 221.4 MB.

Unloading 16 unused Assets to reduce memory usage. Loaded Objects now: 4034.
Total: 2.814100 ms (FindLiveObjects: 0.268600 ms CreateObjectMapping: 0.180000 ms MarkObjects: 2.253300 ms  DeleteObjects: 0.111300 ms)

========================================================================
Received Prepare
Registering precompiled user dll's ...
Registered in 0.002141 seconds.
Begin MonoManager ReloadAssembly
Symbol file LoadedFromMemory doesn't match image D:\GameDev\Project_2\PongPongLegend\Library\PackageCache\com.unity.visualscripting@1.6.1\Editor\VisualScripting.Core\Dependencies\YamlDotNet\Unity.VisualScripting.YamlDotNet.dll
Symbol file LoadedFromMemory doesn't match image D:\GameDev\Project_2\PongPongLegend\Library\PackageCache\com.unity.visualscripting@1.6.1\Editor\VisualScripting.Core\Dependencies\DotNetZip\Unity.VisualScripting.IonicZip.dll
Native extension for WindowsStandalone target not found
Refreshing native plugins compatible for Editor in 0.69 ms, found 2 plugins.
Preloading 0 native plugins for Editor in 0.00 ms.
Mono: successfully reloaded assembly
- Completed reload, in  0.921 seconds
Platform modules already initialized, skipping
Refreshing native plugins compatible for Editor in 0.71 ms, found 2 plugins.
Preloading 0 native plugins for Editor in 0.00 ms.
Unloading 3379 Unused Serialized files (Serialized files now loaded: 0)
System memory in use before: 221.3 MB.
System memory in use after: 221.4 MB.

Unloading 16 unused Assets to reduce memory usage. Loaded Objects now: 4038.
Total: 2.650400 ms (FindLiveObjects: 0.311100 ms CreateObjectMapping: 0.168200 ms MarkObjects: 2.064700 ms  DeleteObjects: 0.105600 ms)

========================================================================
Received Prepare
Registering precompiled user dll's ...
Registered in 0.002231 seconds.
Begin MonoManager ReloadAssembly
Symbol file LoadedFromMemory doesn't match image D:\GameDev\Project_2\PongPongLegend\Library\PackageCache\com.unity.visualscripting@1.6.1\Editor\VisualScripting.Core\Dependencies\YamlDotNet\Unity.VisualScripting.YamlDotNet.dll
Symbol file LoadedFromMemory doesn't match image D:\GameDev\Project_2\PongPongLegend\Library\PackageCache\com.unity.visualscripting@1.6.1\Editor\VisualScripting.Core\Dependencies\DotNetZip\Unity.VisualScripting.IonicZip.dll
Native extension for WindowsStandalone target not found
Refreshing native plugins compatible for Editor in 0.63 ms, found 2 plugins.
Preloading 0 native plugins for Editor in 0.00 ms.
Mono: successfully reloaded assembly
- Completed reload, in  0.922 seconds
Platform modules already initialized, skipping
Refreshing native plugins compatible for Editor in 0.63 ms, found 2 plugins.
Preloading 0 native plugins for Editor in 0.00 ms.
Unloading 3379 Unused Serialized files (Serialized files now loaded: 0)
System memory in use before: 221.3 MB.
System memory in use after: 221.4 MB.

Unloading 16 unused Assets to reduce memory usage. Loaded Objects now: 4042.
Total: 2.657100 ms (FindLiveObjects: 0.304800 ms CreateObjectMapping: 0.169800 ms MarkObjects: 2.080000 ms  DeleteObjects: 0.101400 ms)

========================================================================
Received Import Request.
  Time since last request: 552.629362 seconds.
  path: Assets/Prefabs/MediumShell.prefab
  artifactKey: Guid(c2ae4da615533d34882e2f1792927136) Importer(815301076,1909f56bfc062723c751e8b465ee728b)
Start importing Assets/Prefabs/MediumShell.prefab using Guid(c2ae4da615533d34882e2f1792927136) Importer(815301076,1909f56bfc062723c751e8b465ee728b)  -> (artifact id: '15de21fcee5f41d24e65fb80cb8a9d58') in 0.060274 seconds 
========================================================================
Received Prepare
Registering precompiled user dll's ...
Registered in 0.002041 seconds.
Begin MonoManager ReloadAssembly
Symbol file LoadedFromMemory doesn't match image D:\GameDev\Project_2\PongPongLegend\Library\PackageCache\com.unity.visualscripting@1.6.1\Editor\VisualScripting.Core\Dependencies\YamlDotNet\Unity.VisualScripting.YamlDotNet.dll
Symbol file LoadedFromMemory doesn't match image D:\GameDev\Project_2\PongPongLegend\Library\PackageCache\com.unity.visualscripting@1.6.1\Editor\VisualScripting.Core\Dependencies\DotNetZip\Unity.VisualScripting.IonicZip.dll
Native extension for WindowsStandalone target not found
Refreshing native plugins compatible for Editor in 0.67 ms, found 2 plugins.
Preloading 0 native plugins for Editor in 0.00 ms.
Mono: successfully reloaded assembly
- Completed reload, in  0.880 seconds
Platform modules already initialized, skipping
Refreshing native plugins compatible for Editor in 0.65 ms, found 2 plugins.
Preloading 0 native plugins for Editor in 0.00 ms.
Unloading 3379 Unused Serialized files (Serialized files now loaded: 0)
System memory in use before: 221.3 MB.
System memory in use after: 221.4 MB.

Unloading 16 unused Assets to reduce memory usage. Loaded Objects now: 4047.
Total: 2.770300 ms (FindLiveObjects: 0.283000 ms CreateObjectMapping: 0.166800 ms MarkObjects: 2.213000 ms  DeleteObjects: 0.106700 ms)

========================================================================
Received Prepare
Registering precompiled user dll's ...
Registered in 0.002401 seconds.
Begin MonoManager ReloadAssembly
Symbol file LoadedFromMemory doesn't match image D:\GameDev\Project_2\PongPongLegend\Library\PackageCache\com.unity.visualscripting@1.6.1\Editor\VisualScripting.Core\Dependencies\YamlDotNet\Unity.VisualScripting.YamlDotNet.dll
Symbol file LoadedFromMemory doesn't match image D:\GameDev\Project_2\PongPongLegend\Library\PackageCache\com.unity.visualscripting@1.6.1\Editor\VisualScripting.Core\Dependencies\DotNetZip\Unity.VisualScripting.IonicZip.dll
Native extension for WindowsStandalone target not found
Refreshing native plugins compatible for Editor in 0.64 ms, found 2 plugins.
Preloading 0 native plugins for Editor in 0.00 ms.
Mono: successfully reloaded assembly
- Completed reload, in  0.876 seconds
Platform modules already initialized, skipping
Refreshing native plugins compatible for Editor in 0.68 ms, found 2 plugins.
Preloading 0 native plugins for Editor in 0.00 ms.
Unloading 3379 Unused Serialized files (Serialized files now loaded: 0)
System memory in use before: 221.4 MB.
System memory in use after: 221.5 MB.

Unloading 16 unused Assets to reduce memory usage. Loaded Objects now: 4051.
Total: 2.508200 ms (FindLiveObjects: 0.260400 ms CreateObjectMapping: 0.156600 ms MarkObjects: 1.987400 ms  DeleteObjects: 0.103300 ms)

========================================================================
Received Prepare
Registering precompiled user dll's ...
Registered in 0.002465 seconds.
Begin MonoManager ReloadAssembly
Symbol file LoadedFromMemory doesn't match image D:\GameDev\Project_2\PongPongLegend\Library\PackageCache\com.unity.visualscripting@1.6.1\Editor\VisualScripting.Core\Dependencies\YamlDotNet\Unity.VisualScripting.YamlDotNet.dll
Symbol file LoadedFromMemory doesn't match image D:\GameDev\Project_2\PongPongLegend\Library\PackageCache\com.unity.visualscripting@1.6.1\Editor\VisualScripting.Core\Dependencies\DotNetZip\Unity.VisualScripting.IonicZip.dll
Native extension for WindowsStandalone target not found
Refreshing native plugins compatible for Editor in 0.63 ms, found 2 plugins.
Preloading 0 native plugins for Editor in 0.00 ms.
Mono: successfully reloaded assembly
- Completed reload, in  0.876 seconds
Platform modules already initialized, skipping
Refreshing native plugins compatible for Editor in 0.62 ms, found 2 plugins.
Preloading 0 native plugins for Editor in 0.00 ms.
Unloading 3379 Unused Serialized files (Serialized files now loaded: 0)
System memory in use before: 221.4 MB.
System memory in use after: 221.5 MB.

Unloading 16 unused Assets to reduce memory usage. Loaded Objects now: 4055.
Total: 2.574900 ms (FindLiveObjects: 0.262900 ms CreateObjectMapping: 0.131200 ms MarkObjects: 2.081300 ms  DeleteObjects: 0.098900 ms)

========================================================================
Received Prepare
Registering precompiled user dll's ...
Registered in 0.002107 seconds.
Begin MonoManager ReloadAssembly
Symbol file LoadedFromMemory doesn't match image D:\GameDev\Project_2\PongPongLegend\Library\PackageCache\com.unity.visualscripting@1.6.1\Editor\VisualScripting.Core\Dependencies\YamlDotNet\Unity.VisualScripting.YamlDotNet.dll
Symbol file LoadedFromMemory doesn't match image D:\GameDev\Project_2\PongPongLegend\Library\PackageCache\com.unity.visualscripting@1.6.1\Editor\VisualScripting.Core\Dependencies\DotNetZip\Unity.VisualScripting.IonicZip.dll
Native extension for WindowsStandalone target not found
Refreshing native plugins compatible for Editor in 0.63 ms, found 2 plugins.
Preloading 0 native plugins for Editor in 0.00 ms.
Mono: successfully reloaded assembly
- Completed reload, in  0.913 seconds
Platform modules already initialized, skipping
Refreshing native plugins compatible for Editor in 0.65 ms, found 2 plugins.
Preloading 0 native plugins for Editor in 0.00 ms.
Unloading 3379 Unused Serialized files (Serialized files now loaded: 0)
System memory in use before: 221.4 MB.
System memory in use after: 221.5 MB.

Unloading 16 unused Assets to reduce memory usage. Loaded Objects now: 4059.
Total: 2.822800 ms (FindLiveObjects: 0.282800 ms CreateObjectMapping: 0.165200 ms MarkObjects: 2.266800 ms  DeleteObjects: 0.106400 ms)

========================================================================
Received Import Request.
  Time since last request: 452.219407 seconds.
  path: Assets/Prefabs/MediumShell.prefab
  artifactKey: Guid(c2ae4da615533d34882e2f1792927136) Importer(815301076,1909f56bfc062723c751e8b465ee728b)
Start importing Assets/Prefabs/MediumShell.prefab using Guid(c2ae4da615533d34882e2f1792927136) Importer(815301076,1909f56bfc062723c751e8b465ee728b)  -> (artifact id: 'e9876dbf694710d82ae482aa242e183c') in 0.066752 seconds 
========================================================================
Received Prepare
Registering precompiled user dll's ...
Registered in 0.002089 seconds.
Begin MonoManager ReloadAssembly
Symbol file LoadedFromMemory doesn't match image D:\GameDev\Project_2\PongPongLegend\Library\PackageCache\com.unity.visualscripting@1.6.1\Editor\VisualScripting.Core\Dependencies\YamlDotNet\Unity.VisualScripting.YamlDotNet.dll
Symbol file LoadedFromMemory doesn't match image D:\GameDev\Project_2\PongPongLegend\Library\PackageCache\com.unity.visualscripting@1.6.1\Editor\VisualScripting.Core\Dependencies\DotNetZip\Unity.VisualScripting.IonicZip.dll
Native extension for WindowsStandalone target not found
Refreshing native plugins compatible for Editor in 0.65 ms, found 2 plugins.
Preloading 0 native plugins for Editor in 0.00 ms.
Mono: successfully reloaded assembly
- Completed reload, in  0.893 seconds
Platform modules already initialized, skipping
Refreshing native plugins compatible for Editor in 0.80 ms, found 2 plugins.
Preloading 0 native plugins for Editor in 0.00 ms.
Unloading 3379 Unused Serialized files (Serialized files now loaded: 0)
System memory in use before: 221.4 MB.
System memory in use after: 221.5 MB.

Unloading 16 unused Assets to reduce memory usage. Loaded Objects now: 4064.
Total: 2.803700 ms (FindLiveObjects: 0.324300 ms CreateObjectMapping: 0.170200 ms MarkObjects: 2.167000 ms  DeleteObjects: 0.141100 ms)

========================================================================
Received Prepare
Registering precompiled user dll's ...
Registered in 0.002083 seconds.
Begin MonoManager ReloadAssembly
Symbol file LoadedFromMemory doesn't match image D:\GameDev\Project_2\PongPongLegend\Library\PackageCache\com.unity.visualscripting@1.6.1\Editor\VisualScripting.Core\Dependencies\YamlDotNet\Unity.VisualScripting.YamlDotNet.dll
Symbol file LoadedFromMemory doesn't match image D:\GameDev\Project_2\PongPongLegend\Library\PackageCache\com.unity.visualscripting@1.6.1\Editor\VisualScripting.Core\Dependencies\DotNetZip\Unity.VisualScripting.IonicZip.dll
Native extension for WindowsStandalone target not found
Refreshing native plugins compatible for Editor in 0.66 ms, found 2 plugins.
Preloading 0 native plugins for Editor in 0.00 ms.
Mono: successfully reloaded assembly
- Completed reload, in  0.888 seconds
Platform modules already initialized, skipping
Refreshing native plugins compatible for Editor in 0.74 ms, found 2 plugins.
Preloading 0 native plugins for Editor in 0.00 ms.
Unloading 3379 Unused Serialized files (Serialized files now loaded: 0)
System memory in use before: 221.4 MB.
System memory in use after: 221.5 MB.

Unloading 16 unused Assets to reduce memory usage. Loaded Objects now: 4068.
Total: 2.879900 ms (FindLiveObjects: 0.274800 ms CreateObjectMapping: 0.140300 ms MarkObjects: 2.363300 ms  DeleteObjects: 0.100900 ms)

========================================================================
Received Prepare
Registering precompiled user dll's ...
Registered in 0.002058 seconds.
Begin MonoManager ReloadAssembly
Symbol file LoadedFromMemory doesn't match image D:\GameDev\Project_2\PongPongLegend\Library\PackageCache\com.unity.visualscripting@1.6.1\Editor\VisualScripting.Core\Dependencies\YamlDotNet\Unity.VisualScripting.YamlDotNet.dll
Symbol file LoadedFromMemory doesn't match image D:\GameDev\Project_2\PongPongLegend\Library\PackageCache\com.unity.visualscripting@1.6.1\Editor\VisualScripting.Core\Dependencies\DotNetZip\Unity.VisualScripting.IonicZip.dll
Native extension for WindowsStandalone target not found
Refreshing native plugins compatible for Editor in 0.65 ms, found 2 plugins.
Preloading 0 native plugins for Editor in 0.00 ms.
Mono: successfully reloaded assembly
- Completed reload, in  0.890 seconds
Platform modules already initialized, skipping
Refreshing native plugins compatible for Editor in 0.75 ms, found 2 plugins.
Preloading 0 native plugins for Editor in 0.00 ms.
Unloading 3379 Unused Serialized files (Serialized files now loaded: 0)
System memory in use before: 221.4 MB.
System memory in use after: 221.5 MB.

Unloading 16 unused Assets to reduce memory usage. Loaded Objects now: 4072.
Total: 2.593800 ms (FindLiveObjects: 0.264100 ms CreateObjectMapping: 0.123400 ms MarkObjects: 2.104000 ms  DeleteObjects: 0.101600 ms)

========================================================================
Received Prepare
Registering precompiled user dll's ...
Registered in 0.002005 seconds.
Begin MonoManager ReloadAssembly
Symbol file LoadedFromMemory doesn't match image D:\GameDev\Project_2\PongPongLegend\Library\PackageCache\com.unity.visualscripting@1.6.1\Editor\VisualScripting.Core\Dependencies\YamlDotNet\Unity.VisualScripting.YamlDotNet.dll
Symbol file LoadedFromMemory doesn't match image D:\GameDev\Project_2\PongPongLegend\Library\PackageCache\com.unity.visualscripting@1.6.1\Editor\VisualScripting.Core\Dependencies\DotNetZip\Unity.VisualScripting.IonicZip.dll
Native extension for WindowsStandalone target not found
Refreshing native plugins compatible for Editor in 0.64 ms, found 2 plugins.
Preloading 0 native plugins for Editor in 0.00 ms.
Mono: successfully reloaded assembly
- Completed reload, in  0.887 seconds
Platform modules already initialized, skipping
Refreshing native plugins compatible for Editor in 0.66 ms, found 2 plugins.
Preloading 0 native plugins for Editor in 0.00 ms.
Unloading 3379 Unused Serialized files (Serialized files now loaded: 0)
System memory in use before: 221.4 MB.
System memory in use after: 221.5 MB.

Unloading 16 unused Assets to reduce memory usage. Loaded Objects now: 4076.
Total: 2.455100 ms (FindLiveObjects: 0.281300 ms CreateObjectMapping: 0.149300 ms MarkObjects: 1.921100 ms  DeleteObjects: 0.102800 ms)

========================================================================
Received Prepare
Registering precompiled user dll's ...
Registered in 0.002102 seconds.
Begin MonoManager ReloadAssembly
Symbol file LoadedFromMemory doesn't match image D:\GameDev\Project_2\PongPongLegend\Library\PackageCache\com.unity.visualscripting@1.6.1\Editor\VisualScripting.Core\Dependencies\YamlDotNet\Unity.VisualScripting.YamlDotNet.dll
Symbol file LoadedFromMemory doesn't match image D:\GameDev\Project_2\PongPongLegend\Library\PackageCache\com.unity.visualscripting@1.6.1\Editor\VisualScripting.Core\Dependencies\DotNetZip\Unity.VisualScripting.IonicZip.dll
Native extension for WindowsStandalone target not found
Refreshing native plugins compatible for Editor in 0.66 ms, found 2 plugins.
Preloading 0 native plugins for Editor in 0.00 ms.
Mono: successfully reloaded assembly
- Completed reload, in  0.921 seconds
Platform modules already initialized, skipping
Refreshing native plugins compatible for Editor in 0.63 ms, found 2 plugins.
Preloading 0 native plugins for Editor in 0.00 ms.
Unloading 3379 Unused Serialized files (Serialized files now loaded: 0)
System memory in use before: 221.4 MB.
System memory in use after: 221.5 MB.

Unloading 16 unused Assets to reduce memory usage. Loaded Objects now: 4080.
Total: 2.474100 ms (FindLiveObjects: 0.269800 ms CreateObjectMapping: 0.171200 ms MarkObjects: 1.931100 ms  DeleteObjects: 0.101300 ms)

========================================================================
Received Prepare
Registering precompiled user dll's ...
Registered in 0.002067 seconds.
Begin MonoManager ReloadAssembly
Symbol file LoadedFromMemory doesn't match image D:\GameDev\Project_2\PongPongLegend\Library\PackageCache\com.unity.visualscripting@1.6.1\Editor\VisualScripting.Core\Dependencies\YamlDotNet\Unity.VisualScripting.YamlDotNet.dll
Symbol file LoadedFromMemory doesn't match image D:\GameDev\Project_2\PongPongLegend\Library\PackageCache\com.unity.visualscripting@1.6.1\Editor\VisualScripting.Core\Dependencies\DotNetZip\Unity.VisualScripting.IonicZip.dll
Native extension for WindowsStandalone target not found
Refreshing native plugins compatible for Editor in 0.66 ms, found 2 plugins.
Preloading 0 native plugins for Editor in 0.00 ms.
Mono: successfully reloaded assembly
- Completed reload, in  1.583 seconds
Platform modules already initialized, skipping
Refreshing native plugins compatible for Editor in 0.62 ms, found 2 plugins.
Preloading 0 native plugins for Editor in 0.00 ms.
Unloading 3379 Unused Serialized files (Serialized files now loaded: 0)
System memory in use before: 221.4 MB.
System memory in use after: 221.6 MB.

Unloading 16 unused Assets to reduce memory usage. Loaded Objects now: 4084.
Total: 2.531100 ms (FindLiveObjects: 0.250300 ms CreateObjectMapping: 0.138000 ms MarkObjects: 2.038500 ms  DeleteObjects: 0.103500 ms)

========================================================================
Received Prepare
Registering precompiled user dll's ...
Registered in 0.001998 seconds.
Begin MonoManager ReloadAssembly
Symbol file LoadedFromMemory doesn't match image D:\GameDev\Project_2\PongPongLegend\Library\PackageCache\com.unity.visualscripting@1.6.1\Editor\VisualScripting.Core\Dependencies\YamlDotNet\Unity.VisualScripting.YamlDotNet.dll
Symbol file LoadedFromMemory doesn't match image D:\GameDev\Project_2\PongPongLegend\Library\PackageCache\com.unity.visualscripting@1.6.1\Editor\VisualScripting.Core\Dependencies\DotNetZip\Unity.VisualScripting.IonicZip.dll
Native extension for WindowsStandalone target not found
Refreshing native plugins compatible for Editor in 0.62 ms, found 2 plugins.
Preloading 0 native plugins for Editor in 0.00 ms.
Mono: successfully reloaded assembly
- Completed reload, in  0.851 seconds
Platform modules already initialized, skipping
Refreshing native plugins compatible for Editor in 0.63 ms, found 2 plugins.
Preloading 0 native plugins for Editor in 0.00 ms.
Unloading 3379 Unused Serialized files (Serialized files now loaded: 0)
System memory in use before: 221.5 MB.
System memory in use after: 221.6 MB.

Unloading 16 unused Assets to reduce memory usage. Loaded Objects now: 4088.
Total: 2.562000 ms (FindLiveObjects: 0.260700 ms CreateObjectMapping: 0.134800 ms MarkObjects: 2.063900 ms  DeleteObjects: 0.101800 ms)

========================================================================
Received Prepare
Registering precompiled user dll's ...
Registered in 0.002051 seconds.
Begin MonoManager ReloadAssembly
Symbol file LoadedFromMemory doesn't match image D:\GameDev\Project_2\PongPongLegend\Library\PackageCache\com.unity.visualscripting@1.6.1\Editor\VisualScripting.Core\Dependencies\YamlDotNet\Unity.VisualScripting.YamlDotNet.dll
Symbol file LoadedFromMemory doesn't match image D:\GameDev\Project_2\PongPongLegend\Library\PackageCache\com.unity.visualscripting@1.6.1\Editor\VisualScripting.Core\Dependencies\DotNetZip\Unity.VisualScripting.IonicZip.dll
Native extension for WindowsStandalone target not found
Refreshing native plugins compatible for Editor in 0.62 ms, found 2 plugins.
Preloading 0 native plugins for Editor in 0.00 ms.
Mono: successfully reloaded assembly
- Completed reload, in  0.926 seconds
Platform modules already initialized, skipping
Refreshing native plugins compatible for Editor in 0.82 ms, found 2 plugins.
Preloading 0 native plugins for Editor in 0.00 ms.
Unloading 3379 Unused Serialized files (Serialized files now loaded: 0)
System memory in use before: 221.5 MB.
System memory in use after: 221.6 MB.

Unloading 16 unused Assets to reduce memory usage. Loaded Objects now: 4092.
Total: 3.248700 ms (FindLiveObjects: 0.398300 ms CreateObjectMapping: 0.270400 ms MarkObjects: 2.451000 ms  DeleteObjects: 0.126800 ms)

========================================================================
Received Prepare
Registering precompiled user dll's ...
Registered in 0.002067 seconds.
Begin MonoManager ReloadAssembly
Symbol file LoadedFromMemory doesn't match image D:\GameDev\Project_2\PongPongLegend\Library\PackageCache\com.unity.visualscripting@1.6.1\Editor\VisualScripting.Core\Dependencies\YamlDotNet\Unity.VisualScripting.YamlDotNet.dll
Symbol file LoadedFromMemory doesn't match image D:\GameDev\Project_2\PongPongLegend\Library\PackageCache\com.unity.visualscripting@1.6.1\Editor\VisualScripting.Core\Dependencies\DotNetZip\Unity.VisualScripting.IonicZip.dll
Native extension for WindowsStandalone target not found
Refreshing native plugins compatible for Editor in 0.64 ms, found 2 plugins.
Preloading 0 native plugins for Editor in 0.00 ms.
Mono: successfully reloaded assembly
- Completed reload, in  0.893 seconds
Platform modules already initialized, skipping
Refreshing native plugins compatible for Editor in 0.64 ms, found 2 plugins.
Preloading 0 native plugins for Editor in 0.00 ms.
Unloading 3379 Unused Serialized files (Serialized files now loaded: 0)
System memory in use before: 221.5 MB.
System memory in use after: 221.6 MB.

Unloading 16 unused Assets to reduce memory usage. Loaded Objects now: 4096.
Total: 2.857600 ms (FindLiveObjects: 0.303100 ms CreateObjectMapping: 0.198800 ms MarkObjects: 2.232700 ms  DeleteObjects: 0.122200 ms)

========================================================================
Received Prepare
Registering precompiled user dll's ...
Registered in 0.002184 seconds.
Begin MonoManager ReloadAssembly
Symbol file LoadedFromMemory doesn't match image D:\GameDev\Project_2\PongPongLegend\Library\PackageCache\com.unity.visualscripting@1.6.1\Editor\VisualScripting.Core\Dependencies\YamlDotNet\Unity.VisualScripting.YamlDotNet.dll
Symbol file LoadedFromMemory doesn't match image D:\GameDev\Project_2\PongPongLegend\Library\PackageCache\com.unity.visualscripting@1.6.1\Editor\VisualScripting.Core\Dependencies\DotNetZip\Unity.VisualScripting.IonicZip.dll
Native extension for WindowsStandalone target not found
Refreshing native plugins compatible for Editor in 0.66 ms, found 2 plugins.
Preloading 0 native plugins for Editor in 0.00 ms.
Mono: successfully reloaded assembly
- Completed reload, in  0.961 seconds
Platform modules already initialized, skipping
Refreshing native plugins compatible for Editor in 0.63 ms, found 2 plugins.
Preloading 0 native plugins for Editor in 0.00 ms.
Unloading 3379 Unused Serialized files (Serialized files now loaded: 0)
System memory in use before: 221.5 MB.
System memory in use after: 221.6 MB.

Unloading 16 unused Assets to reduce memory usage. Loaded Objects now: 4100.
Total: 2.527700 ms (FindLiveObjects: 0.255900 ms CreateObjectMapping: 0.150000 ms MarkObjects: 2.015500 ms  DeleteObjects: 0.105600 ms)

========================================================================
Received Prepare
Registering precompiled user dll's ...
Registered in 0.002787 seconds.
Begin MonoManager ReloadAssembly
Symbol file LoadedFromMemory doesn't match image D:\GameDev\Project_2\PongPongLegend\Library\PackageCache\com.unity.visualscripting@1.6.1\Editor\VisualScripting.Core\Dependencies\YamlDotNet\Unity.VisualScripting.YamlDotNet.dll
Symbol file LoadedFromMemory doesn't match image D:\GameDev\Project_2\PongPongLegend\Library\PackageCache\com.unity.visualscripting@1.6.1\Editor\VisualScripting.Core\Dependencies\DotNetZip\Unity.VisualScripting.IonicZip.dll
Native extension for WindowsStandalone target not found
Refreshing native plugins compatible for Editor in 0.81 ms, found 2 plugins.
Preloading 0 native plugins for Editor in 0.00 ms.
Mono: successfully reloaded assembly
- Completed reload, in  0.931 seconds
Platform modules already initialized, skipping
Refreshing native plugins compatible for Editor in 0.86 ms, found 2 plugins.
Preloading 0 native plugins for Editor in 0.00 ms.
Unloading 3379 Unused Serialized files (Serialized files now loaded: 0)
System memory in use before: 221.5 MB.
System memory in use after: 221.6 MB.

Unloading 16 unused Assets to reduce memory usage. Loaded Objects now: 4104.
Total: 2.996600 ms (FindLiveObjects: 0.404900 ms CreateObjectMapping: 0.300600 ms MarkObjects: 2.179000 ms  DeleteObjects: 0.110500 ms)

========================================================================
Received Prepare
Registering precompiled user dll's ...
Registered in 0.002083 seconds.
Begin MonoManager ReloadAssembly
Symbol file LoadedFromMemory doesn't match image D:\GameDev\Project_2\PongPongLegend\Library\PackageCache\com.unity.visualscripting@1.6.1\Editor\VisualScripting.Core\Dependencies\YamlDotNet\Unity.VisualScripting.YamlDotNet.dll
Symbol file LoadedFromMemory doesn't match image D:\GameDev\Project_2\PongPongLegend\Library\PackageCache\com.unity.visualscripting@1.6.1\Editor\VisualScripting.Core\Dependencies\DotNetZip\Unity.VisualScripting.IonicZip.dll
Native extension for WindowsStandalone target not found
Refreshing native plugins compatible for Editor in 1.05 ms, found 2 plugins.
Preloading 0 native plugins for Editor in 0.00 ms.
Mono: successfully reloaded assembly
- Completed reload, in  0.923 seconds
Platform modules already initialized, skipping
Refreshing native plugins compatible for Editor in 0.65 ms, found 2 plugins.
Preloading 0 native plugins for Editor in 0.00 ms.
Unloading 3379 Unused Serialized files (Serialized files now loaded: 0)
System memory in use before: 221.5 MB.
System memory in use after: 221.6 MB.

Unloading 16 unused Assets to reduce memory usage. Loaded Objects now: 4108.
Total: 2.688900 ms (FindLiveObjects: 0.289600 ms CreateObjectMapping: 0.184600 ms MarkObjects: 2.100900 ms  DeleteObjects: 0.112800 ms)

========================================================================
Received Prepare
Registering precompiled user dll's ...
Registered in 0.002113 seconds.
Begin MonoManager ReloadAssembly
Symbol file LoadedFromMemory doesn't match image D:\GameDev\Project_2\PongPongLegend\Library\PackageCache\com.unity.visualscripting@1.6.1\Editor\VisualScripting.Core\Dependencies\YamlDotNet\Unity.VisualScripting.YamlDotNet.dll
Symbol file LoadedFromMemory doesn't match image D:\GameDev\Project_2\PongPongLegend\Library\PackageCache\com.unity.visualscripting@1.6.1\Editor\VisualScripting.Core\Dependencies\DotNetZip\Unity.VisualScripting.IonicZip.dll
Native extension for WindowsStandalone target not found
Refreshing native plugins compatible for Editor in 0.67 ms, found 2 plugins.
Preloading 0 native plugins for Editor in 0.00 ms.
Mono: successfully reloaded assembly
- Completed reload, in  0.893 seconds
Platform modules already initialized, skipping
Refreshing native plugins compatible for Editor in 0.65 ms, found 2 plugins.
Preloading 0 native plugins for Editor in 0.00 ms.
Unloading 3379 Unused Serialized files (Serialized files now loaded: 0)
System memory in use before: 221.5 MB.
System memory in use after: 221.6 MB.

Unloading 16 unused Assets to reduce memory usage. Loaded Objects now: 4112.
Total: 3.249400 ms (FindLiveObjects: 0.476300 ms CreateObjectMapping: 0.437000 ms MarkObjects: 2.188600 ms  DeleteObjects: 0.146100 ms)

========================================================================
Received Import Request.
  Time since last request: 9347.067322 seconds.
  path: Assets/Font/foo SDF.asset
  artifactKey: Guid(01d7b7cedd01aa840bdf8e4cf84f5489) Importer(815301076,1909f56bfc062723c751e8b465ee728b)
Start importing Assets/Font/foo SDF.asset using Guid(01d7b7cedd01aa840bdf8e4cf84f5489) Importer(815301076,1909f56bfc062723c751e8b465ee728b)  -> (artifact id: 'bd2dba597a7c3b67ae7e4e40bfb15623') in 0.375468 seconds 
========================================================================
Received Import Request.
  Time since last request: 761.395820 seconds.
  path: Packages/com.unity.2d.sprite
  artifactKey: Guid(0901a6b758d060e9422c4f8d588d5895) Importer(815301076,1909f56bfc062723c751e8b465ee728b)
Start importing Packages/com.unity.2d.sprite using Guid(0901a6b758d060e9422c4f8d588d5895) Importer(815301076,1909f56bfc062723c751e8b465ee728b)  -> (artifact id: '1ac9f0859ed1eccac4506b3b2480e9d0') in 0.008658 seconds 
========================================================================
Received Prepare
Registering precompiled user dll's ...
Registered in 0.002017 seconds.
Begin MonoManager ReloadAssembly
Symbol file LoadedFromMemory doesn't match image D:\GameDev\Project_2\PongPongLegend\Library\PackageCache\com.unity.visualscripting@1.6.1\Editor\VisualScripting.Core\Dependencies\YamlDotNet\Unity.VisualScripting.YamlDotNet.dll
Symbol file LoadedFromMemory doesn't match image D:\GameDev\Project_2\PongPongLegend\Library\PackageCache\com.unity.visualscripting@1.6.1\Editor\VisualScripting.Core\Dependencies\DotNetZip\Unity.VisualScripting.IonicZip.dll
Native extension for WindowsStandalone target not found
Refreshing native plugins compatible for Editor in 0.63 ms, found 2 plugins.
Preloading 0 native plugins for Editor in 0.00 ms.
Mono: successfully reloaded assembly
- Completed reload, in  0.888 seconds
Platform modules already initialized, skipping
Refreshing native plugins compatible for Editor in 0.63 ms, found 2 plugins.
Preloading 0 native plugins for Editor in 0.00 ms.
Unloading 3380 Unused Serialized files (Serialized files now loaded: 0)
System memory in use before: 223.2 MB.
System memory in use after: 223.3 MB.

Unloading 16 unused Assets to reduce memory usage. Loaded Objects now: 4167.
Total: 2.648900 ms (FindLiveObjects: 0.269200 ms CreateObjectMapping: 0.161600 ms MarkObjects: 2.116100 ms  DeleteObjects: 0.101400 ms)

========================================================================
Received Prepare
Registering precompiled user dll's ...
Registered in 0.002050 seconds.
Begin MonoManager ReloadAssembly
Symbol file LoadedFromMemory doesn't match image D:\GameDev\Project_2\PongPongLegend\Library\PackageCache\com.unity.visualscripting@1.6.1\Editor\VisualScripting.Core\Dependencies\YamlDotNet\Unity.VisualScripting.YamlDotNet.dll
Symbol file LoadedFromMemory doesn't match image D:\GameDev\Project_2\PongPongLegend\Library\PackageCache\com.unity.visualscripting@1.6.1\Editor\VisualScripting.Core\Dependencies\DotNetZip\Unity.VisualScripting.IonicZip.dll
Native extension for WindowsStandalone target not found
Refreshing native plugins compatible for Editor in 0.69 ms, found 2 plugins.
Preloading 0 native plugins for Editor in 0.00 ms.
Mono: successfully reloaded assembly
- Completed reload, in  0.921 seconds
Platform modules already initialized, skipping
Refreshing native plugins compatible for Editor in 0.66 ms, found 2 plugins.
Preloading 0 native plugins for Editor in 0.00 ms.
Unloading 3379 Unused Serialized files (Serialized files now loaded: 0)
System memory in use before: 223.2 MB.
System memory in use after: 223.3 MB.

Unloading 16 unused Assets to reduce memory usage. Loaded Objects now: 4171.
Total: 2.708100 ms (FindLiveObjects: 0.264500 ms CreateObjectMapping: 0.152300 ms MarkObjects: 2.188300 ms  DeleteObjects: 0.101900 ms)

========================================================================
Received Prepare
Registering precompiled user dll's ...
Registered in 0.001951 seconds.
Begin MonoManager ReloadAssembly
Symbol file LoadedFromMemory doesn't match image D:\GameDev\Project_2\PongPongLegend\Library\PackageCache\com.unity.visualscripting@1.6.1\Editor\VisualScripting.Core\Dependencies\YamlDotNet\Unity.VisualScripting.YamlDotNet.dll
Symbol file LoadedFromMemory doesn't match image D:\GameDev\Project_2\PongPongLegend\Library\PackageCache\com.unity.visualscripting@1.6.1\Editor\VisualScripting.Core\Dependencies\DotNetZip\Unity.VisualScripting.IonicZip.dll
Native extension for WindowsStandalone target not found
Refreshing native plugins compatible for Editor in 0.63 ms, found 2 plugins.
Preloading 0 native plugins for Editor in 0.00 ms.
Mono: successfully reloaded assembly
- Completed reload, in  0.881 seconds
Platform modules already initialized, skipping
Refreshing native plugins compatible for Editor in 0.65 ms, found 2 plugins.
Preloading 0 native plugins for Editor in 0.00 ms.
Unloading 3380 Unused Serialized files (Serialized files now loaded: 0)
System memory in use before: 223.2 MB.
System memory in use after: 223.3 MB.

Unloading 16 unused Assets to reduce memory usage. Loaded Objects now: 4176.
Total: 2.627200 ms (FindLiveObjects: 0.298200 ms CreateObjectMapping: 0.181000 ms MarkObjects: 2.041200 ms  DeleteObjects: 0.105900 ms)

========================================================================
Received Import Request.
  Time since last request: 703.712755 seconds.
  path: Assets/Scripts/FollowObject.cs
  artifactKey: Guid(71fb18a133230f84d9802ef2ea5a71be) Importer(815301076,1909f56bfc062723c751e8b465ee728b)
Start importing Assets/Scripts/FollowObject.cs using Guid(71fb18a133230f84d9802ef2ea5a71be) Importer(815301076,1909f56bfc062723c751e8b465ee728b)  -> (artifact id: 'bab4c9e5e77e591f33e2413d20f14f7f') in 0.009297 seconds 
========================================================================
Received Prepare
Registering precompiled user dll's ...
Registered in 0.002137 seconds.
Begin MonoManager ReloadAssembly
Symbol file LoadedFromMemory doesn't match image D:\GameDev\Project_2\PongPongLegend\Library\PackageCache\com.unity.visualscripting@1.6.1\Editor\VisualScripting.Core\Dependencies\YamlDotNet\Unity.VisualScripting.YamlDotNet.dll
Symbol file LoadedFromMemory doesn't match image D:\GameDev\Project_2\PongPongLegend\Library\PackageCache\com.unity.visualscripting@1.6.1\Editor\VisualScripting.Core\Dependencies\DotNetZip\Unity.VisualScripting.IonicZip.dll
Native extension for WindowsStandalone target not found
Refreshing native plugins compatible for Editor in 0.78 ms, found 2 plugins.
Preloading 0 native plugins for Editor in 0.00 ms.
Mono: successfully reloaded assembly
- Completed reload, in  0.874 seconds
Platform modules already initialized, skipping
Refreshing native plugins compatible for Editor in 0.63 ms, found 2 plugins.
Preloading 0 native plugins for Editor in 0.00 ms.
Unloading 3380 Unused Serialized files (Serialized files now loaded: 0)
System memory in use before: 223.2 MB.
System memory in use after: 223.3 MB.

Unloading 16 unused Assets to reduce memory usage. Loaded Objects now: 4180.
Total: 3.019600 ms (FindLiveObjects: 0.324000 ms CreateObjectMapping: 0.222000 ms MarkObjects: 2.365200 ms  DeleteObjects: 0.107400 ms)

========================================================================
Received Prepare
Registering precompiled user dll's ...
Registered in 0.002042 seconds.
Begin MonoManager ReloadAssembly
Symbol file LoadedFromMemory doesn't match image D:\GameDev\Project_2\PongPongLegend\Library\PackageCache\com.unity.visualscripting@1.6.1\Editor\VisualScripting.Core\Dependencies\YamlDotNet\Unity.VisualScripting.YamlDotNet.dll
Symbol file LoadedFromMemory doesn't match image D:\GameDev\Project_2\PongPongLegend\Library\PackageCache\com.unity.visualscripting@1.6.1\Editor\VisualScripting.Core\Dependencies\DotNetZip\Unity.VisualScripting.IonicZip.dll
Native extension for WindowsStandalone target not found
Refreshing native plugins compatible for Editor in 1.03 ms, found 2 plugins.
Preloading 0 native plugins for Editor in 0.00 ms.
Mono: successfully reloaded assembly
- Completed reload, in  0.941 seconds
Platform modules already initialized, skipping
Refreshing native plugins compatible for Editor in 0.73 ms, found 2 plugins.
Preloading 0 native plugins for Editor in 0.00 ms.
Unloading 3380 Unused Serialized files (Serialized files now loaded: 0)
System memory in use before: 223.2 MB.
System memory in use after: 223.3 MB.

Unloading 16 unused Assets to reduce memory usage. Loaded Objects now: 4184.
Total: 3.553400 ms (FindLiveObjects: 0.519800 ms CreateObjectMapping: 0.298800 ms MarkObjects: 2.613900 ms  DeleteObjects: 0.119200 ms)

========================================================================
Received Import Request.
  Time since last request: 50.911476 seconds.
  path: Assets/Scripts/FollowObject.cs
  artifactKey: Guid(71fb18a133230f84d9802ef2ea5a71be) Importer(815301076,1909f56bfc062723c751e8b465ee728b)
Start importing Assets/Scripts/FollowObject.cs using Guid(71fb18a133230f84d9802ef2ea5a71be) Importer(815301076,1909f56bfc062723c751e8b465ee728b)  -> (artifact id: '103dffd4dd3f4e9196e6491edf298ab2') in 0.005594 seconds 
========================================================================
Received Import Request.
  Time since last request: 39.982979 seconds.
  path: Assets/Particles/HealthParticle.prefab
  artifactKey: Guid(9d3a44005ac94994688df447d8715745) Importer(815301076,1909f56bfc062723c751e8b465ee728b)
Start importing Assets/Particles/HealthParticle.prefab using Guid(9d3a44005ac94994688df447d8715745) Importer(815301076,1909f56bfc062723c751e8b465ee728b)  -> (artifact id: 'a3720e668577b2e04f83fe5bb92ce8ca') in 0.255592 seconds 
AssetImportWorkerClient::OnTransportError - code=2 error=End of file
